<?xml version="1.0" encoding="UTF-8"?>
<testsuite xmlns:xsi="http://www.w3.org/2001/XMLSchema-instance" xsi:noNamespaceSchemaLocation="https://maven.apache.org/surefire/maven-surefire-plugin/xsd/surefire-test-report-3.0.xsd" version="3.0" name="com.cv.cv_c_r_u_d.CvCRUDApplicationTests" time="14.165" tests="1" errors="0" skipped="0" failures="0">
  <properties>
[...]
</properties>
  <testcase name="contextLoads" classname="com.cv.cv_c_r_u_d.CvCRUDApplicationTests" time="0.989">
    <system-out><![CDATA[08:41:42.591 [main] INFO org.springframework.test.context.support.AnnotationConfigContextLoaderUtils -- Could not detect default configuration classes for test class [com.cv.cv_c_r_u_d.CvCRUDApplicationTests]: CvCRUDApplicationTests does not declare any static, non-private, non-final, nested classes annotated with @Configuration.
08:41:42.792 [main] INFO org.springframework.boot.test.context.SpringBootTestContextBootstrapper -- Found @SpringBootConfiguration com.cv.cv_c_r_u_d.CvCRUDApplication for test class com.cv.cv_c_r_u_d.CvCRUDApplicationTests
08:41:43.032 [main] INFO org.springframework.boot.devtools.restart.RestartApplicationListener -- Restart disabled due to context in which it is running

  .   ____          _            __ _ _
 /\\ / ___'_ __ _ _(_)_ __  __ _ \ \ \ \
( ( )\___ | '_ | '_| | '_ \/ _` | \ \ \ \
 \\/  ___)| |_)| | | | | || (_| |  ) ) ) )
  '  |____| .__|_| |_|_| |_\__, | / / / /
 =========|_|==============|___/=/_/_/_/

 :: Spring Boot ::                (v3.3.2)

2024-08-02T08:41:43.476+03:00  INFO 88274 --- [cv_c_r_u_d] [           main] c.cv.cv_c_r_u_d.CvCRUDApplicationTests   : Starting CvCRUDApplicationTests using Java 17.0.12 with PID 88274 (started by enno in /home/enno/cv_c_r_u_d)
2024-08-02T08:41:43.479+03:00  INFO 88274 --- [cv_c_r_u_d] [           main] c.cv.cv_c_r_u_d.CvCRUDApplicationTests   : The following 1 profile is active: "test"
2024-08-02T08:41:43.480+03:00 DEBUG 88274 --- [cv_c_r_u_d] [           main] o.s.boot.SpringApplication               : Loading source class com.cv.cv_c_r_u_d.CvCRUDApplication
2024-08-02T08:41:43.590+03:00 DEBUG 88274 --- [cv_c_r_u_d] [           main] o.s.w.c.s.GenericWebApplicationContext   : Refreshing org.springframework.web.context.support.GenericWebApplicationContext@5ebd56e9
2024-08-02T08:41:43.661+03:00 DEBUG 88274 --- [cv_c_r_u_d] [           main] o.s.b.f.s.DefaultListableBeanFactory     : Creating shared instance of singleton bean 'org.springframework.context.annotation.internalConfigurationAnnotationProcessor'
2024-08-02T08:41:43.688+03:00 DEBUG 88274 --- [cv_c_r_u_d] [           main] o.s.b.f.s.DefaultListableBeanFactory     : Creating shared instance of singleton bean 'org.springframework.boot.autoconfigure.internalCachingMetadataReaderFactory'
2024-08-02T08:41:43.850+03:00 DEBUG 88274 --- [cv_c_r_u_d] [           main] o.s.c.a.ClassPathBeanDefinitionScanner   : Identified candidate component class: file [/home/enno/cv_c_r_u_d/target/classes/com/cv/cv_c_r_u_d/configration/AppConfig.class]
2024-08-02T08:41:43.867+03:00 DEBUG 88274 --- [cv_c_r_u_d] [           main] o.s.c.a.ClassPathBeanDefinitionScanner   : Identified candidate component class: file [/home/enno/cv_c_r_u_d/target/classes/com/cv/cv_c_r_u_d/controller/HomeController.class]
2024-08-02T08:41:43.901+03:00 DEBUG 88274 --- [cv_c_r_u_d] [           main] o.s.c.a.ClassPathBeanDefinitionScanner   : Identified candidate component class: file [/home/enno/cv_c_r_u_d/target/classes/com/cv/cv_c_r_u_d/error/GlobalExceptionHandler.class]
2024-08-02T08:41:43.926+03:00 DEBUG 88274 --- [cv_c_r_u_d] [           main] o.s.c.a.ClassPathBeanDefinitionScanner   : Identified candidate component class: file [/home/enno/cv_c_r_u_d/target/classes/com/cv/cv_c_r_u_d/restcontroller/AuthController.class]
2024-08-02T08:41:43.929+03:00 DEBUG 88274 --- [cv_c_r_u_d] [           main] o.s.c.a.ClassPathBeanDefinitionScanner   : Identified candidate component class: file [/home/enno/cv_c_r_u_d/target/classes/com/cv/cv_c_r_u_d/restcontroller/EmailController.class]
2024-08-02T08:41:43.937+03:00 DEBUG 88274 --- [cv_c_r_u_d] [           main] o.s.c.a.ClassPathBeanDefinitionScanner   : Identified candidate component class: file [/home/enno/cv_c_r_u_d/target/classes/com/cv/cv_c_r_u_d/restcontroller/TasksRestController.class]
2024-08-02T08:41:43.938+03:00 DEBUG 88274 --- [cv_c_r_u_d] [           main] o.s.c.a.ClassPathBeanDefinitionScanner   : Identified candidate component class: file [/home/enno/cv_c_r_u_d/target/classes/com/cv/cv_c_r_u_d/restcontroller/UserRoleRestController.class]
2024-08-02T08:41:43.942+03:00 DEBUG 88274 --- [cv_c_r_u_d] [           main] o.s.c.a.ClassPathBeanDefinitionScanner   : Identified candidate component class: file [/home/enno/cv_c_r_u_d/target/classes/com/cv/cv_c_r_u_d/restcontroller/UsersRestController.class]
2024-08-02T08:41:43.948+03:00 DEBUG 88274 --- [cv_c_r_u_d] [           main] o.s.c.a.ClassPathBeanDefinitionScanner   : Identified candidate component class: file [/home/enno/cv_c_r_u_d/target/classes/com/cv/cv_c_r_u_d/security/RestSecurityConfig.class]
2024-08-02T08:41:43.951+03:00 DEBUG 88274 --- [cv_c_r_u_d] [           main] o.s.c.a.ClassPathBeanDefinitionScanner   : Identified candidate component class: file [/home/enno/cv_c_r_u_d/target/classes/com/cv/cv_c_r_u_d/service/CustomUserDetailsService.class]
2024-08-02T08:41:43.952+03:00 DEBUG 88274 --- [cv_c_r_u_d] [           main] o.s.c.a.ClassPathBeanDefinitionScanner   : Identified candidate component class: file [/home/enno/cv_c_r_u_d/target/classes/com/cv/cv_c_r_u_d/service/EmailService.class]
2024-08-02T08:41:43.953+03:00 DEBUG 88274 --- [cv_c_r_u_d] [           main] o.s.c.a.ClassPathBeanDefinitionScanner   : Identified candidate component class: file [/home/enno/cv_c_r_u_d/target/classes/com/cv/cv_c_r_u_d/service/TasksCRUD.class]
2024-08-02T08:41:43.956+03:00 DEBUG 88274 --- [cv_c_r_u_d] [           main] o.s.c.a.ClassPathBeanDefinitionScanner   : Identified candidate component class: file [/home/enno/cv_c_r_u_d/target/classes/com/cv/cv_c_r_u_d/service/UserRoleCRUD.class]
2024-08-02T08:41:43.958+03:00 DEBUG 88274 --- [cv_c_r_u_d] [           main] o.s.c.a.ClassPathBeanDefinitionScanner   : Identified candidate component class: file [/home/enno/cv_c_r_u_d/target/classes/com/cv/cv_c_r_u_d/service/UsersCRUD.class]
2024-08-02T08:41:44.006+03:00 DEBUG 88274 --- [cv_c_r_u_d] [           main] o.s.c.a.ClassPathBeanDefinitionScanner   : Identified candidate component class: file [/home/enno/cv_c_r_u_d/target/classes/com/cv/cv_c_r_u_d/CvCRUDApplication.class]
2024-08-02T08:41:44.007+03:00 DEBUG 88274 --- [cv_c_r_u_d] [           main] o.s.c.a.ClassPathBeanDefinitionScanner   : Identified candidate component class: file [/home/enno/cv_c_r_u_d/target/classes/com/cv/cv_c_r_u_d/controller/HomeController.class]
2024-08-02T08:41:44.014+03:00 DEBUG 88274 --- [cv_c_r_u_d] [           main] o.s.c.a.ClassPathBeanDefinitionScanner   : Identified candidate component class: file [/home/enno/cv_c_r_u_d/target/classes/com/cv/cv_c_r_u_d/error/GlobalExceptionHandler.class]
2024-08-02T08:41:44.015+03:00 DEBUG 88274 --- [cv_c_r_u_d] [           main] o.s.c.a.ClassPathBeanDefinitionScanner   : Identified candidate component class: file [/home/enno/cv_c_r_u_d/target/classes/com/cv/cv_c_r_u_d/restcontroller/AuthController.class]
2024-08-02T08:41:44.016+03:00 DEBUG 88274 --- [cv_c_r_u_d] [           main] o.s.c.a.ClassPathBeanDefinitionScanner   : Identified candidate component class: file [/home/enno/cv_c_r_u_d/target/classes/com/cv/cv_c_r_u_d/restcontroller/EmailController.class]
2024-08-02T08:41:44.021+03:00 DEBUG 88274 --- [cv_c_r_u_d] [           main] o.s.c.a.ClassPathBeanDefinitionScanner   : Identified candidate component class: file [/home/enno/cv_c_r_u_d/target/classes/com/cv/cv_c_r_u_d/restcontroller/TasksRestController.class]
2024-08-02T08:41:44.022+03:00 DEBUG 88274 --- [cv_c_r_u_d] [           main] o.s.c.a.ClassPathBeanDefinitionScanner   : Identified candidate component class: file [/home/enno/cv_c_r_u_d/target/classes/com/cv/cv_c_r_u_d/restcontroller/UserRoleRestController.class]
2024-08-02T08:41:44.023+03:00 DEBUG 88274 --- [cv_c_r_u_d] [           main] o.s.c.a.ClassPathBeanDefinitionScanner   : Identified candidate component class: file [/home/enno/cv_c_r_u_d/target/classes/com/cv/cv_c_r_u_d/restcontroller/UsersRestController.class]
2024-08-02T08:41:44.023+03:00 DEBUG 88274 --- [cv_c_r_u_d] [           main] o.s.c.a.ClassPathBeanDefinitionScanner   : Identified candidate component class: file [/home/enno/cv_c_r_u_d/target/classes/com/cv/cv_c_r_u_d/security/RestSecurityConfig.class]
2024-08-02T08:41:44.024+03:00 DEBUG 88274 --- [cv_c_r_u_d] [           main] o.s.c.a.ClassPathBeanDefinitionScanner   : Identified candidate component class: file [/home/enno/cv_c_r_u_d/target/classes/com/cv/cv_c_r_u_d/service/CustomUserDetailsService.class]
2024-08-02T08:41:44.024+03:00 DEBUG 88274 --- [cv_c_r_u_d] [           main] o.s.c.a.ClassPathBeanDefinitionScanner   : Identified candidate component class: file [/home/enno/cv_c_r_u_d/target/classes/com/cv/cv_c_r_u_d/service/EmailService.class]
2024-08-02T08:41:44.031+03:00 DEBUG 88274 --- [cv_c_r_u_d] [           main] o.s.c.a.ClassPathBeanDefinitionScanner   : Identified candidate component class: file [/home/enno/cv_c_r_u_d/target/classes/com/cv/cv_c_r_u_d/service/TasksCRUD.class]
2024-08-02T08:41:44.031+03:00 DEBUG 88274 --- [cv_c_r_u_d] [           main] o.s.c.a.ClassPathBeanDefinitionScanner   : Identified candidate component class: file [/home/enno/cv_c_r_u_d/target/classes/com/cv/cv_c_r_u_d/service/UserRoleCRUD.class]
2024-08-02T08:41:44.031+03:00 DEBUG 88274 --- [cv_c_r_u_d] [           main] o.s.c.a.ClassPathBeanDefinitionScanner   : Identified candidate component class: file [/home/enno/cv_c_r_u_d/target/classes/com/cv/cv_c_r_u_d/service/UsersCRUD.class]
2024-08-02T08:41:45.594+03:00  INFO 88274 --- [cv_c_r_u_d] [           main] .s.d.r.c.RepositoryConfigurationDelegate : Bootstrapping Spring Data JPA repositories in DEFAULT mode.
2024-08-02T08:41:45.603+03:00 DEBUG 88274 --- [cv_c_r_u_d] [           main] o.s.b.f.s.DefaultListableBeanFactory     : Creating shared instance of singleton bean 'org.springframework.boot.autoconfigure.AutoConfigurationPackages'
2024-08-02T08:41:45.611+03:00 DEBUG 88274 --- [cv_c_r_u_d] [           main] o.s.b.a.AutoConfigurationPackages        : @EnableAutoConfiguration was declared on a class in the package 'com.cv.cv_c_r_u_d'. Automatic @Repository and @Entity scanning is enabled.
2024-08-02T08:41:45.613+03:00 DEBUG 88274 --- [cv_c_r_u_d] [           main] .s.d.r.c.RepositoryConfigurationDelegate : Scanning for JPA repositories in packages com.cv.cv_c_r_u_d.
2024-08-02T08:41:45.629+03:00 DEBUG 88274 --- [cv_c_r_u_d] [           main] o.s.d.r.c.RepositoryComponentProvider    : Identified candidate component class: file [/home/enno/cv_c_r_u_d/target/classes/com/cv/cv_c_r_u_d/dataaccessopject/TasksAccOp.class]
2024-08-02T08:41:45.630+03:00 DEBUG 88274 --- [cv_c_r_u_d] [           main] o.s.d.r.c.RepositoryComponentProvider    : Identified candidate component class: file [/home/enno/cv_c_r_u_d/target/classes/com/cv/cv_c_r_u_d/dataaccessopject/UserRoleAccessOpj.class]
2024-08-02T08:41:45.630+03:00 DEBUG 88274 --- [cv_c_r_u_d] [           main] o.s.d.r.c.RepositoryComponentProvider    : Identified candidate component class: file [/home/enno/cv_c_r_u_d/target/classes/com/cv/cv_c_r_u_d/dataaccessopject/UsersAccOp.class]
2024-08-02T08:41:45.680+03:00  INFO 88274 --- [cv_c_r_u_d] [           main] .s.d.r.c.RepositoryConfigurationDelegate : Finished Spring Data repository scanning in 65 ms. Found 3 JPA repository interfaces.
2024-08-02T08:41:45.918+03:00 DEBUG 88274 --- [cv_c_r_u_d] [           main] o.s.b.f.s.DefaultListableBeanFactory     : Creating shared instance of singleton bean 'springSecurityHandlerMappingIntrospectorBeanDefinitionRegistryPostProcessor'
2024-08-02T08:41:46.074+03:00 DEBUG 88274 --- [cv_c_r_u_d] [           main] o.s.b.f.s.DefaultListableBeanFactory     : Creating shared instance of singleton bean 'propertySourcesPlaceholderConfigurer'
2024-08-02T08:41:46.079+03:00 DEBUG 88274 --- [cv_c_r_u_d] [           main] o.s.b.f.s.DefaultListableBeanFactory     : Creating shared instance of singleton bean 'org.springframework.boot.test.mock.mockito.MockitoPostProcessor'
2024-08-02T08:41:46.080+03:00 DEBUG 88274 --- [cv_c_r_u_d] [           main] o.s.b.f.s.DefaultListableBeanFactory     : Creating shared instance of singleton bean 'emBeanDefinitionRegistrarPostProcessor'
2024-08-02T08:41:46.081+03:00 DEBUG 88274 --- [cv_c_r_u_d] [           main] o.s.b.f.s.DefaultListableBeanFactory     : Creating shared instance of singleton bean 'org.springframework.boot.sql.init.dependency.DatabaseInitializationDependencyConfigurer$DependsOnDatabaseInitializationPostProcessor'
2024-08-02T08:41:46.198+03:00 DEBUG 88274 --- [cv_c_r_u_d] [           main] o.s.b.f.s.DefaultListableBeanFactory     : Creating shared instance of singleton bean 'org.springframework.context.event.internalEventListenerProcessor'
2024-08-02T08:41:46.201+03:00 DEBUG 88274 --- [cv_c_r_u_d] [           main] o.s.b.f.s.DefaultListableBeanFactory     : Creating shared instance of singleton bean 'conversionServicePostProcessor'
2024-08-02T08:41:46.210+03:00 DEBUG 88274 --- [cv_c_r_u_d] [           main] o.s.b.f.s.DefaultListableBeanFactory     : Creating shared instance of singleton bean 'preserveErrorControllerTargetClassPostProcessor'
2024-08-02T08:41:46.212+03:00 DEBUG 88274 --- [cv_c_r_u_d] [           main] o.s.b.f.s.DefaultListableBeanFactory     : Creating shared instance of singleton bean 'org.springframework.context.event.internalEventListenerFactory'
2024-08-02T08:41:46.212+03:00 DEBUG 88274 --- [cv_c_r_u_d] [           main] o.s.b.f.s.DefaultListableBeanFactory     : Creating shared instance of singleton bean 'org.springframework.transaction.config.internalTransactionalEventListenerFactory'
2024-08-02T08:41:46.218+03:00 DEBUG 88274 --- [cv_c_r_u_d] [           main] o.s.b.f.s.DefaultListableBeanFactory     : Creating shared instance of singleton bean 'org.springframework.boot.test.mock.mockito.MockitoPostProcessor$SpyPostProcessor'
2024-08-02T08:41:46.220+03:00 DEBUG 88274 --- [cv_c_r_u_d] [           main] o.s.b.f.s.DefaultListableBeanFactory     : Creating shared instance of singleton bean 'org.springframework.context.annotation.internalAutowiredAnnotationProcessor'
2024-08-02T08:41:46.222+03:00 DEBUG 88274 --- [cv_c_r_u_d] [           main] o.s.b.f.s.DefaultListableBeanFactory     : Creating shared instance of singleton bean 'org.springframework.context.annotation.internalCommonAnnotationProcessor'
2024-08-02T08:41:46.226+03:00 DEBUG 88274 --- [cv_c_r_u_d] [           main] o.s.b.f.s.DefaultListableBeanFactory     : Creating shared instance of singleton bean 'org.springframework.context.annotation.internalPersistenceAnnotationProcessor'
2024-08-02T08:41:46.227+03:00 DEBUG 88274 --- [cv_c_r_u_d] [           main] o.s.b.f.s.DefaultListableBeanFactory     : Creating shared instance of singleton bean 'org.springframework.boot.context.properties.ConfigurationPropertiesBindingPostProcessor'
2024-08-02T08:41:46.228+03:00 DEBUG 88274 --- [cv_c_r_u_d] [           main] o.s.b.f.s.DefaultListableBeanFactory     : Creating shared instance of singleton bean 'org.springframework.boot.context.internalConfigurationPropertiesBinder'
2024-08-02T08:41:46.232+03:00 DEBUG 88274 --- [cv_c_r_u_d] [           main] o.s.b.f.s.DefaultListableBeanFactory     : Creating shared instance of singleton bean 'methodValidationPostProcessor'
2024-08-02T08:41:46.252+03:00 DEBUG 88274 --- [cv_c_r_u_d] [           main] o.s.b.f.s.DefaultListableBeanFactory     : Autowiring by type from bean name 'methodValidationPostProcessor' via factory method to bean named 'environment'
2024-08-02T08:41:46.254+03:00 DEBUG 88274 --- [cv_c_r_u_d] [           main] o.s.b.f.s.DefaultListableBeanFactory     : Creating shared instance of singleton bean 'org.springframework.boot.context.properties.EnableConfigurationPropertiesRegistrar.methodValidationExcludeFilter'
2024-08-02T08:41:46.276+03:00 DEBUG 88274 --- [cv_c_r_u_d] [           main] o.s.b.f.s.DefaultListableBeanFactory     : Creating shared instance of singleton bean 'org.springframework.aop.config.internalAutoProxyCreator'
2024-08-02T08:41:46.292+03:00 DEBUG 88274 --- [cv_c_r_u_d] [           main] o.s.b.f.s.DefaultListableBeanFactory     : Creating shared instance of singleton bean 'persistenceExceptionTranslationPostProcessor'
2024-08-02T08:41:46.294+03:00 DEBUG 88274 --- [cv_c_r_u_d] [           main] o.s.b.f.s.DefaultListableBeanFactory     : Autowiring by type from bean name 'persistenceExceptionTranslationPostProcessor' via factory method to bean named 'environment'
2024-08-02T08:41:46.297+03:00 DEBUG 88274 --- [cv_c_r_u_d] [           main] o.s.b.f.s.DefaultListableBeanFactory     : Creating shared instance of singleton bean 'webServerFactoryCustomizerBeanPostProcessor'
2024-08-02T08:41:46.299+03:00 DEBUG 88274 --- [cv_c_r_u_d] [           main] o.s.b.f.s.DefaultListableBeanFactory     : Creating shared instance of singleton bean 'errorPageRegistrarBeanPostProcessor'
2024-08-02T08:41:46.300+03:00 DEBUG 88274 --- [cv_c_r_u_d] [           main] o.s.b.f.s.DefaultListableBeanFactory     : Creating shared instance of singleton bean 'healthEndpointGroupsBeanPostProcessor'
2024-08-02T08:41:46.303+03:00 DEBUG 88274 --- [cv_c_r_u_d] [           main] o.s.b.f.s.DefaultListableBeanFactory     : Creating shared instance of singleton bean 'org.springframework.transaction.config.internalTransactionAdvisor'
2024-08-02T08:41:46.303+03:00 DEBUG 88274 --- [cv_c_r_u_d] [           main] o.s.b.f.s.DefaultListableBeanFactory     : Creating shared instance of singleton bean 'org.springframework.transaction.annotation.ProxyTransactionManagementConfiguration'
2024-08-02T08:41:46.336+03:00 DEBUG 88274 --- [cv_c_r_u_d] [           main] .s.a.a.a.ReflectiveAspectJAdvisorFactory : Found AspectJ method: public java.lang.Object io.micrometer.observation.aop.ObservedAspect.observeClass(org.aspectj.lang.ProceedingJoinPoint) throws java.lang.Throwable
2024-08-02T08:41:46.343+03:00 DEBUG 88274 --- [cv_c_r_u_d] [           main] .s.a.a.a.ReflectiveAspectJAdvisorFactory : Found AspectJ method: public java.lang.Object io.micrometer.observation.aop.ObservedAspect.observeMethod(org.aspectj.lang.ProceedingJoinPoint) throws java.lang.Throwable
2024-08-02T08:41:46.605+03:00 DEBUG 88274 --- [cv_c_r_u_d] [           main] o.s.b.f.s.DefaultListableBeanFactory     : Creating shared instance of singleton bean 'transactionAttributeSource'
2024-08-02T08:41:46.620+03:00 DEBUG 88274 --- [cv_c_r_u_d] [           main] o.s.b.f.s.DefaultListableBeanFactory     : Creating shared instance of singleton bean 'transactionInterceptor'
2024-08-02T08:41:46.622+03:00 DEBUG 88274 --- [cv_c_r_u_d] [           main] o.s.b.f.s.DefaultListableBeanFactory     : Autowiring by type from bean name 'transactionInterceptor' via factory method to bean named 'transactionAttributeSource'
2024-08-02T08:41:46.628+03:00 DEBUG 88274 --- [cv_c_r_u_d] [           main] o.s.b.f.s.DefaultListableBeanFactory     : Autowiring by type from bean name 'org.springframework.transaction.config.internalTransactionAdvisor' via factory method to bean named 'transactionAttributeSource'
2024-08-02T08:41:46.629+03:00 DEBUG 88274 --- [cv_c_r_u_d] [           main] o.s.b.f.s.DefaultListableBeanFactory     : Autowiring by type from bean name 'org.springframework.transaction.config.internalTransactionAdvisor' via factory method to bean named 'transactionInterceptor'
2024-08-02T08:41:46.641+03:00 DEBUG 88274 --- [cv_c_r_u_d] [           main] o.s.b.f.s.DefaultListableBeanFactory     : Creating shared instance of singleton bean 'meterRegistryPostProcessor'
2024-08-02T08:41:46.643+03:00 DEBUG 88274 --- [cv_c_r_u_d] [           main] o.s.b.f.s.DefaultListableBeanFactory     : Autowiring by type from bean name 'meterRegistryPostProcessor' via factory method to bean named 'org.springframework.web.context.support.GenericWebApplicationContext@5ebd56e9'
2024-08-02T08:41:46.655+03:00 DEBUG 88274 --- [cv_c_r_u_d] [           main] o.s.b.f.s.DefaultListableBeanFactory     : Creating shared instance of singleton bean 'metricsRepositoryMethodInvocationListenerBeanPostProcessor'
2024-08-02T08:41:46.661+03:00 DEBUG 88274 --- [cv_c_r_u_d] [           main] o.s.b.f.s.DefaultListableBeanFactory     : Creating shared instance of singleton bean 'observationRegistryPostProcessor'
2024-08-02T08:41:46.668+03:00 DEBUG 88274 --- [cv_c_r_u_d] [           main] o.s.b.f.s.DefaultListableBeanFactory     : Creating shared instance of singleton bean 'projectingArgumentResolverBeanPostProcessor'
2024-08-02T08:41:46.708+03:00 DEBUG 88274 --- [cv_c_r_u_d] [           main] o.s.u.c.s.UiApplicationContextUtils      : Unable to locate ThemeSource with name 'themeSource': using default [org.springframework.ui.context.support.ResourceBundleThemeSource@67328bcb]
2024-08-02T08:41:46.716+03:00 DEBUG 88274 --- [cv_c_r_u_d] [           main] o.s.b.f.s.DefaultListableBeanFactory     : Creating shared instance of singleton bean 'dataSourceScriptDatabaseInitializer'
2024-08-02T08:41:46.717+03:00 DEBUG 88274 --- [cv_c_r_u_d] [           main] o.s.b.f.s.DefaultListableBeanFactory     : Creating shared instance of singleton bean 'org.springframework.boot.autoconfigure.sql.init.DataSourceInitializationConfiguration'
2024-08-02T08:41:46.729+03:00 DEBUG 88274 --- [cv_c_r_u_d] [           main] o.s.b.f.s.DefaultListableBeanFactory     : Creating shared instance of singleton bean 'getDataSource'
2024-08-02T08:41:46.729+03:00 DEBUG 88274 --- [cv_c_r_u_d] [           main] o.s.b.f.s.DefaultListableBeanFactory     : Creating shared instance of singleton bean 'appConfig'
2024-08-02T08:41:46.773+03:00 DEBUG 88274 --- [cv_c_r_u_d] [           main] o.s.j.d.DriverManagerDataSource          : Loaded JDBC driver: com.mysql.cj.jdbc.Driver
2024-08-02T08:41:46.799+03:00 DEBUG 88274 --- [cv_c_r_u_d] [           main] o.s.b.f.s.DefaultListableBeanFactory     : Creating shared instance of singleton bean 'spring.sql.init-org.springframework.boot.autoconfigure.sql.init.SqlInitializationProperties'
2024-08-02T08:41:46.802+03:00 DEBUG 88274 --- [cv_c_r_u_d] [           main] o.s.b.f.s.DefaultListableBeanFactory     : Creating shared instance of singleton bean 'org.springframework.boot.context.properties.BoundConfigurationProperties'
2024-08-02T08:41:46.913+03:00 DEBUG 88274 --- [cv_c_r_u_d] [           main] o.s.b.f.s.DefaultListableBeanFactory     : Autowiring by type from bean name 'dataSourceScriptDatabaseInitializer' via factory method to bean named 'getDataSource'
2024-08-02T08:41:46.913+03:00 DEBUG 88274 --- [cv_c_r_u_d] [           main] o.s.b.f.s.DefaultListableBeanFactory     : Autowiring by type from bean name 'dataSourceScriptDatabaseInitializer' via factory method to bean named 'spring.sql.init-org.springframework.boot.autoconfigure.sql.init.SqlInitializationProperties'
2024-08-02T08:41:46.933+03:00 DEBUG 88274 --- [cv_c_r_u_d] [           main] o.s.b.f.s.DefaultListableBeanFactory     : Creating shared instance of singleton bean 'entityManagerFactory'
2024-08-02T08:41:46.934+03:00 DEBUG 88274 --- [cv_c_r_u_d] [           main] o.s.b.f.s.DefaultListableBeanFactory     : Creating shared instance of singleton bean 'org.springframework.boot.autoconfigure.orm.jpa.HibernateJpaConfiguration'
2024-08-02T08:41:46.937+03:00 DEBUG 88274 --- [cv_c_r_u_d] [           main] o.s.b.f.s.DefaultListableBeanFactory     : Creating shared instance of singleton bean 'spring.jpa-org.springframework.boot.autoconfigure.orm.jpa.JpaProperties'
2024-08-02T08:41:46.952+03:00 DEBUG 88274 --- [cv_c_r_u_d] [           main] o.s.b.f.s.DefaultListableBeanFactory     : Creating shared instance of singleton bean 'spring.jpa.hibernate-org.springframework.boot.autoconfigure.orm.jpa.HibernateProperties'
2024-08-02T08:41:46.959+03:00 DEBUG 88274 --- [cv_c_r_u_d] [           main] o.s.b.f.s.DefaultListableBeanFactory     : Autowiring by type from bean name 'org.springframework.boot.autoconfigure.orm.jpa.HibernateJpaConfiguration' via constructor to bean named 'getDataSource'
2024-08-02T08:41:46.960+03:00 DEBUG 88274 --- [cv_c_r_u_d] [           main] o.s.b.f.s.DefaultListableBeanFactory     : Autowiring by type from bean name 'org.springframework.boot.autoconfigure.orm.jpa.HibernateJpaConfiguration' via constructor to bean named 'spring.jpa-org.springframework.boot.autoconfigure.orm.jpa.JpaProperties'
2024-08-02T08:41:46.960+03:00 DEBUG 88274 --- [cv_c_r_u_d] [           main] o.s.b.f.s.DefaultListableBeanFactory     : Autowiring by type from bean name 'org.springframework.boot.autoconfigure.orm.jpa.HibernateJpaConfiguration' via constructor to bean named 'org.springframework.beans.factory.support.DefaultListableBeanFactory@7af707e0'
2024-08-02T08:41:46.960+03:00 DEBUG 88274 --- [cv_c_r_u_d] [           main] o.s.b.f.s.DefaultListableBeanFactory     : Autowiring by type from bean name 'org.springframework.boot.autoconfigure.orm.jpa.HibernateJpaConfiguration' via constructor to bean named 'spring.jpa.hibernate-org.springframework.boot.autoconfigure.orm.jpa.HibernateProperties'
2024-08-02T08:41:46.964+03:00 DEBUG 88274 --- [cv_c_r_u_d] [           main] o.s.b.f.s.DefaultListableBeanFactory     : Creating shared instance of singleton bean 'hikariPoolDataSourceMetadataProvider'
2024-08-02T08:41:46.964+03:00 DEBUG 88274 --- [cv_c_r_u_d] [           main] o.s.b.f.s.DefaultListableBeanFactory     : Creating shared instance of singleton bean 'org.springframework.boot.autoconfigure.jdbc.metadata.DataSourcePoolMetadataProvidersConfiguration$HikariPoolDataSourceMetadataProviderConfiguration'
2024-08-02T08:41:46.993+03:00 DEBUG 88274 --- [cv_c_r_u_d] [           main] o.s.b.f.s.DefaultListableBeanFactory     : Creating shared instance of singleton bean 'entityManagerFactoryBuilder'
2024-08-02T08:41:46.995+03:00 DEBUG 88274 --- [cv_c_r_u_d] [           main] o.s.b.f.s.DefaultListableBeanFactory     : Creating shared instance of singleton bean 'jpaVendorAdapter'
2024-08-02T08:41:47.031+03:00 DEBUG 88274 --- [cv_c_r_u_d] [           main] o.s.b.f.s.DefaultListableBeanFactory     : Autowiring by type from bean name 'entityManagerFactoryBuilder' via factory method to bean named 'jpaVendorAdapter'
2024-08-02T08:41:47.045+03:00 DEBUG 88274 --- [cv_c_r_u_d] [           main] o.s.b.f.s.DefaultListableBeanFactory     : Creating shared instance of singleton bean 'persistenceManagedTypes'
2024-08-02T08:41:47.048+03:00 DEBUG 88274 --- [cv_c_r_u_d] [           main] o.s.b.f.s.DefaultListableBeanFactory     : Autowiring by type from bean name 'persistenceManagedTypes' via factory method to bean named 'org.springframework.beans.factory.support.DefaultListableBeanFactory@7af707e0'
2024-08-02T08:41:47.048+03:00 DEBUG 88274 --- [cv_c_r_u_d] [           main] o.s.b.f.s.DefaultListableBeanFactory     : Autowiring by type from bean name 'persistenceManagedTypes' via factory method to bean named 'org.springframework.web.context.support.GenericWebApplicationContext@5ebd56e9'
2024-08-02T08:41:47.067+03:00 DEBUG 88274 --- [cv_c_r_u_d] [           main] o.s.b.f.s.DefaultListableBeanFactory     : Autowiring by type from bean name 'entityManagerFactory' via factory method to bean named 'entityManagerFactoryBuilder'
2024-08-02T08:41:47.067+03:00 DEBUG 88274 --- [cv_c_r_u_d] [           main] o.s.b.f.s.DefaultListableBeanFactory     : Autowiring by type from bean name 'entityManagerFactory' via factory method to bean named 'persistenceManagedTypes'
2024-08-02T08:41:47.199+03:00 DEBUG 88274 --- [cv_c_r_u_d] [           main] j.LocalContainerEntityManagerFactoryBean : Building JPA container EntityManagerFactory for persistence unit 'default'
2024-08-02T08:41:47.258+03:00  INFO 88274 --- [cv_c_r_u_d] [           main] o.hibernate.jpa.internal.util.LogHelper  : HHH000204: Processing PersistenceUnitInfo [name: default]
2024-08-02T08:41:47.434+03:00  INFO 88274 --- [cv_c_r_u_d] [           main] org.hibernate.Version                    : HHH000412: Hibernate ORM core version 6.5.2.Final
2024-08-02T08:41:47.491+03:00  INFO 88274 --- [cv_c_r_u_d] [           main] o.h.c.internal.RegionFactoryInitiator    : HHH000026: Second-level cache disabled
2024-08-02T08:41:47.882+03:00  INFO 88274 --- [cv_c_r_u_d] [           main] o.s.o.j.p.SpringPersistenceUnitInfo      : No LoadTimeWeaver setup: ignoring JPA class transformer
2024-08-02T08:41:47.918+03:00 DEBUG 88274 --- [cv_c_r_u_d] [           main] o.s.j.d.DriverManagerDataSource          : Creating new JDBC DriverManager Connection to [jdbc:mysql://localhost:3307/kamal?useSSL=false]
2024-08-02T08:41:48.204+03:00  WARN 88274 --- [cv_c_r_u_d] [           main] org.hibernate.dialect.Dialect            : HHH000511: The 5.5.5 version for [org.hibernate.dialect.MySQLDialect] is no longer supported, hence certain features may not work properly. The minimum supported version is 8.0.0. Check the community dialects project for available legacy versions.
2024-08-02T08:41:48.211+03:00  WARN 88274 --- [cv_c_r_u_d] [           main] org.hibernate.orm.deprecation            : HHH90000025: MySQLDialect does not need to be specified explicitly using 'hibernate.dialect' (remove the property setting and it will be selected by default)
2024-08-02T08:41:49.336+03:00  INFO 88274 --- [cv_c_r_u_d] [           main] o.h.e.t.j.p.i.JtaPlatformInitiator       : HHH000489: No JTA platform available (set 'hibernate.transaction.jta.platform' to enable JTA platform integration)
2024-08-02T08:41:49.359+03:00 DEBUG 88274 --- [cv_c_r_u_d] [           main] o.s.j.d.DriverManagerDataSource          : Creating new JDBC DriverManager Connection to [jdbc:mysql://localhost:3307/kamal?useSSL=false]
2024-08-02T08:41:49.383+03:00  INFO 88274 --- [cv_c_r_u_d] [           main] j.LocalContainerEntityManagerFactoryBean : Initialized JPA EntityManagerFactory for persistence unit 'default'
2024-08-02T08:41:49.402+03:00 DEBUG 88274 --- [cv_c_r_u_d] [           main] o.s.b.f.s.DefaultListableBeanFactory     : Creating shared instance of singleton bean 'cvCRUDApplication'
2024-08-02T08:41:49.407+03:00 DEBUG 88274 --- [cv_c_r_u_d] [           main] o.s.b.f.s.DefaultListableBeanFactory     : Creating shared instance of singleton bean 'homeController'
2024-08-02T08:41:49.411+03:00 DEBUG 88274 --- [cv_c_r_u_d] [           main] o.s.b.f.s.DefaultListableBeanFactory     : Creating shared instance of singleton bean 'globalExceptionHandler'
2024-08-02T08:41:49.419+03:00 DEBUG 88274 --- [cv_c_r_u_d] [           main] o.s.b.f.s.DefaultListableBeanFactory     : Creating shared instance of singleton bean 'authController'
2024-08-02T08:41:49.425+03:00 DEBUG 88274 --- [cv_c_r_u_d] [           main] o.s.b.f.s.DefaultListableBeanFactory     : Creating shared instance of singleton bean 'authenticationManager'
2024-08-02T08:41:49.425+03:00 DEBUG 88274 --- [cv_c_r_u_d] [           main] o.s.b.f.s.DefaultListableBeanFactory     : Creating shared instance of singleton bean 'restSecurityConfig'
2024-08-02T08:41:49.430+03:00 DEBUG 88274 --- [cv_c_r_u_d] [           main] o.s.b.f.s.DefaultListableBeanFactory     : Creating shared instance of singleton bean 'org.springframework.security.config.annotation.authentication.configuration.AuthenticationConfiguration'
2024-08-02T08:41:49.434+03:00 DEBUG 88274 --- [cv_c_r_u_d] [           main] o.s.b.f.s.DefaultListableBeanFactory     : Creating shared instance of singleton bean 'enableGlobalAuthenticationAutowiredConfigurer'
2024-08-02T08:41:49.435+03:00 DEBUG 88274 --- [cv_c_r_u_d] [           main] o.s.b.f.s.DefaultListableBeanFactory     : Autowiring by type from bean name 'enableGlobalAuthenticationAutowiredConfigurer' via factory method to bean named 'org.springframework.web.context.support.GenericWebApplicationContext@5ebd56e9'
2024-08-02T08:41:49.439+03:00 DEBUG 88274 --- [cv_c_r_u_d] [           main] o.s.b.f.s.DefaultListableBeanFactory     : Creating shared instance of singleton bean 'initializeUserDetailsBeanManagerConfigurer'
2024-08-02T08:41:49.440+03:00 DEBUG 88274 --- [cv_c_r_u_d] [           main] o.s.b.f.s.DefaultListableBeanFactory     : Autowiring by type from bean name 'initializeUserDetailsBeanManagerConfigurer' via factory method to bean named 'org.springframework.web.context.support.GenericWebApplicationContext@5ebd56e9'
2024-08-02T08:41:49.482+03:00 DEBUG 88274 --- [cv_c_r_u_d] [           main] o.s.b.f.s.DefaultListableBeanFactory     : Creating shared instance of singleton bean 'initializeAuthenticationProviderBeanManagerConfigurer'
2024-08-02T08:41:49.483+03:00 DEBUG 88274 --- [cv_c_r_u_d] [           main] o.s.b.f.s.DefaultListableBeanFactory     : Autowiring by type from bean name 'initializeAuthenticationProviderBeanManagerConfigurer' via factory method to bean named 'org.springframework.web.context.support.GenericWebApplicationContext@5ebd56e9'
2024-08-02T08:41:49.498+03:00 DEBUG 88274 --- [cv_c_r_u_d] [           main] o.s.b.f.s.DefaultListableBeanFactory     : Creating shared instance of singleton bean 'objectPostProcessor'
2024-08-02T08:41:49.500+03:00 DEBUG 88274 --- [cv_c_r_u_d] [           main] o.s.b.f.s.DefaultListableBeanFactory     : Creating shared instance of singleton bean 'org.springframework.security.config.annotation.configuration.ObjectPostProcessorConfiguration'
2024-08-02T08:41:49.508+03:00 DEBUG 88274 --- [cv_c_r_u_d] [           main] o.s.b.f.s.DefaultListableBeanFactory     : Autowiring by type from bean name 'objectPostProcessor' via factory method to bean named 'org.springframework.beans.factory.support.DefaultListableBeanFactory@7af707e0'
2024-08-02T08:41:49.528+03:00 DEBUG 88274 --- [cv_c_r_u_d] [           main] o.s.b.f.s.DefaultListableBeanFactory     : Autowiring by type from bean name 'authenticationManager' via factory method to bean named 'org.springframework.security.config.annotation.authentication.configuration.AuthenticationConfiguration'
2024-08-02T08:41:49.530+03:00 DEBUG 88274 --- [cv_c_r_u_d] [           main] o.s.b.f.s.DefaultListableBeanFactory     : Creating shared instance of singleton bean 'authenticationManagerBuilder'
2024-08-02T08:41:49.531+03:00 DEBUG 88274 --- [cv_c_r_u_d] [           main] o.s.b.f.s.DefaultListableBeanFactory     : Autowiring by type from bean name 'authenticationManagerBuilder' via factory method to bean named 'objectPostProcessor'
2024-08-02T08:41:49.531+03:00 DEBUG 88274 --- [cv_c_r_u_d] [           main] o.s.b.f.s.DefaultListableBeanFactory     : Autowiring by type from bean name 'authenticationManagerBuilder' via factory method to bean named 'org.springframework.web.context.support.GenericWebApplicationContext@5ebd56e9'
2024-08-02T08:41:49.534+03:00 DEBUG 88274 --- [cv_c_r_u_d] [           main] o.s.b.f.s.DefaultListableBeanFactory     : Creating shared instance of singleton bean 'authenticationEventPublisher'
2024-08-02T08:41:49.537+03:00 DEBUG 88274 --- [cv_c_r_u_d] [           main] o.s.b.f.s.DefaultListableBeanFactory     : Creating shared instance of singleton bean 'org.springframework.boot.autoconfigure.security.servlet.SecurityAutoConfiguration'
2024-08-02T08:41:49.547+03:00 DEBUG 88274 --- [cv_c_r_u_d] [           main] o.s.b.f.s.DefaultListableBeanFactory     : Autowiring by type from bean name 'authenticationEventPublisher' via factory method to bean named 'org.springframework.web.context.support.GenericWebApplicationContext@5ebd56e9'
2024-08-02T08:41:49.653+03:00 DEBUG 88274 --- [cv_c_r_u_d] [           main] o.s.b.f.s.DefaultListableBeanFactory     : Creating shared instance of singleton bean 'customUserDetailsService'
2024-08-02T08:41:49.656+03:00 DEBUG 88274 --- [cv_c_r_u_d] [           main] o.s.b.f.s.DefaultListableBeanFactory     : Creating shared instance of singleton bean 'jdbcTemplate'
2024-08-02T08:41:49.666+03:00 DEBUG 88274 --- [cv_c_r_u_d] [           main] o.s.b.f.s.DefaultListableBeanFactory     : Creating shared instance of singleton bean 'org.springframework.boot.autoconfigure.jdbc.JdbcTemplateConfiguration'
2024-08-02T08:41:49.679+03:00 DEBUG 88274 --- [cv_c_r_u_d] [           main] o.s.b.f.s.DefaultListableBeanFactory     : Creating shared instance of singleton bean 'spring.jdbc-org.springframework.boot.autoconfigure.jdbc.JdbcProperties'
2024-08-02T08:41:49.684+03:00 DEBUG 88274 --- [cv_c_r_u_d] [           main] o.s.b.f.s.DefaultListableBeanFactory     : Autowiring by type from bean name 'jdbcTemplate' via factory method to bean named 'getDataSource'
2024-08-02T08:41:49.685+03:00 DEBUG 88274 --- [cv_c_r_u_d] [           main] o.s.b.f.s.DefaultListableBeanFactory     : Autowiring by type from bean name 'jdbcTemplate' via factory method to bean named 'spring.jdbc-org.springframework.boot.autoconfigure.jdbc.JdbcProperties'
2024-08-02T08:41:49.759+03:00 DEBUG 88274 --- [cv_c_r_u_d] [           main] o.s.b.f.s.DefaultListableBeanFactory     : Creating shared instance of singleton bean 'passwordEncoder'
2024-08-02T08:41:49.779+03:00  INFO 88274 --- [cv_c_r_u_d] [           main] r$InitializeUserDetailsManagerConfigurer : Global AuthenticationManager configured with UserDetailsService bean with name customUserDetailsService
2024-08-02T08:41:49.807+03:00 DEBUG 88274 --- [cv_c_r_u_d] [           main] o.s.b.f.s.DefaultListableBeanFactory     : Creating shared instance of singleton bean 'emailController'
2024-08-02T08:41:49.813+03:00 DEBUG 88274 --- [cv_c_r_u_d] [           main] o.s.b.f.s.DefaultListableBeanFactory     : Creating shared instance of singleton bean 'emailService'
2024-08-02T08:41:49.817+03:00 DEBUG 88274 --- [cv_c_r_u_d] [           main] o.s.b.f.s.DefaultListableBeanFactory     : Creating shared instance of singleton bean 'mailSender'
2024-08-02T08:41:49.818+03:00 DEBUG 88274 --- [cv_c_r_u_d] [           main] o.s.b.f.s.DefaultListableBeanFactory     : Creating shared instance of singleton bean 'org.springframework.boot.autoconfigure.mail.MailSenderPropertiesConfiguration'
2024-08-02T08:41:49.829+03:00 DEBUG 88274 --- [cv_c_r_u_d] [           main] o.s.b.f.s.DefaultListableBeanFactory     : Creating shared instance of singleton bean 'spring.mail-org.springframework.boot.autoconfigure.mail.MailProperties'
2024-08-02T08:41:49.856+03:00 DEBUG 88274 --- [cv_c_r_u_d] [           main] o.s.b.f.s.DefaultListableBeanFactory     : Autowiring by type from bean name 'mailSender' via factory method to bean named 'spring.mail-org.springframework.boot.autoconfigure.mail.MailProperties'
2024-08-02T08:41:49.922+03:00 DEBUG 88274 --- [cv_c_r_u_d] [           main] o.s.b.f.s.DefaultListableBeanFactory     : Creating shared instance of singleton bean 'tasksRestController'
2024-08-02T08:41:49.937+03:00 DEBUG 88274 --- [cv_c_r_u_d] [           main] o.s.b.f.s.DefaultListableBeanFactory     : Creating shared instance of singleton bean 'tasksCRUD'
2024-08-02T08:41:49.939+03:00 DEBUG 88274 --- [cv_c_r_u_d] [           main] o.s.b.f.s.DefaultListableBeanFactory     : Creating shared instance of singleton bean 'tasksAccOp'
2024-08-02T08:41:49.968+03:00 DEBUG 88274 --- [cv_c_r_u_d] [           main] o.s.b.f.s.DefaultListableBeanFactory     : Creating shared instance of singleton bean 'jpa.named-queries#1'
2024-08-02T08:41:50.005+03:00 DEBUG 88274 --- [cv_c_r_u_d] [           main] o.s.b.f.s.DefaultListableBeanFactory     : Creating shared instance of singleton bean 'jpa.TasksAccOp.fragments#0'
2024-08-02T08:41:50.053+03:00 DEBUG 88274 --- [cv_c_r_u_d] [           main] o.s.b.f.s.DefaultListableBeanFactory     : Creating shared instance of singleton bean 'jpaSharedEM_entityManagerFactory'
2024-08-02T08:41:50.232+03:00 DEBUG 88274 --- [cv_c_r_u_d] [           main] o.s.b.f.s.DefaultListableBeanFactory     : Creating shared instance of singleton bean 'jpaMappingContext'
2024-08-02T08:41:50.233+03:00 DEBUG 88274 --- [cv_c_r_u_d] [           main] .c.JpaMetamodelMappingContextFactoryBean : Initializing JpaMetamodelMappingContext…
2024-08-02T08:41:50.280+03:00 DEBUG 88274 --- [cv_c_r_u_d] [           main] .c.JpaMetamodelMappingContextFactoryBean : Finished initializing JpaMetamodelMappingContext
2024-08-02T08:41:50.351+03:00 DEBUG 88274 --- [cv_c_r_u_d] [           main] tor$SharedEntityManagerInvocationHandler : Creating new EntityManager for shared EntityManager invocation
2024-08-02T08:41:50.423+03:00 DEBUG 88274 --- [cv_c_r_u_d] [           main] tor$SharedEntityManagerInvocationHandler : Creating new EntityManager for shared EntityManager invocation
2024-08-02T08:41:50.438+03:00 DEBUG 88274 --- [cv_c_r_u_d] [           main] o.s.b.f.s.DefaultListableBeanFactory     : Creating shared instance of singleton bean 'metricsRepositoryMethodInvocationListener'
2024-08-02T08:41:50.439+03:00 DEBUG 88274 --- [cv_c_r_u_d] [           main] o.s.b.f.s.DefaultListableBeanFactory     : Creating shared instance of singleton bean 'org.springframework.boot.actuate.autoconfigure.metrics.data.RepositoryMetricsAutoConfiguration'
2024-08-02T08:41:50.440+03:00 DEBUG 88274 --- [cv_c_r_u_d] [           main] o.s.b.f.s.DefaultListableBeanFactory     : Creating shared instance of singleton bean 'management.metrics-org.springframework.boot.actuate.autoconfigure.metrics.MetricsProperties'
2024-08-02T08:41:50.448+03:00 DEBUG 88274 --- [cv_c_r_u_d] [           main] o.s.b.f.s.DefaultListableBeanFactory     : Autowiring by type from bean name 'org.springframework.boot.actuate.autoconfigure.metrics.data.RepositoryMetricsAutoConfiguration' via constructor to bean named 'management.metrics-org.springframework.boot.actuate.autoconfigure.metrics.MetricsProperties'
2024-08-02T08:41:50.451+03:00 DEBUG 88274 --- [cv_c_r_u_d] [           main] o.s.b.f.s.DefaultListableBeanFactory     : Creating shared instance of singleton bean 'repositoryTagsProvider'
2024-08-02T08:41:50.457+03:00 DEBUG 88274 --- [cv_c_r_u_d] [           main] o.s.b.f.s.DefaultListableBeanFactory     : Autowiring by type from bean name 'metricsRepositoryMethodInvocationListener' via factory method to bean named 'repositoryTagsProvider'
2024-08-02T08:41:50.529+03:00 DEBUG 88274 --- [cv_c_r_u_d] [           main] o.s.d.r.c.s.RepositoryFactorySupport     : Initializing repository instance for com.cv.cv_c_r_u_d.dataaccessopject.TasksAccOp…
2024-08-02T08:41:50.543+03:00 DEBUG 88274 --- [cv_c_r_u_d] [           main] tor$SharedEntityManagerInvocationHandler : Creating new EntityManager for shared EntityManager invocation
2024-08-02T08:41:50.626+03:00 DEBUG 88274 --- [cv_c_r_u_d] [           main] o.s.d.r.c.s.RepositoryFactorySupport     : Finished creation of repository instance for com.cv.cv_c_r_u_d.dataaccessopject.TasksAccOp.
2024-08-02T08:41:50.731+03:00 DEBUG 88274 --- [cv_c_r_u_d] [           main] o.s.b.f.s.DefaultListableBeanFactory     : Creating shared instance of singleton bean 'userRoleRestController'
2024-08-02T08:41:50.733+03:00 DEBUG 88274 --- [cv_c_r_u_d] [           main] o.s.b.f.s.DefaultListableBeanFactory     : Creating shared instance of singleton bean 'userRoleCRUD'
2024-08-02T08:41:50.734+03:00 DEBUG 88274 --- [cv_c_r_u_d] [           main] o.s.b.f.s.DefaultListableBeanFactory     : Creating shared instance of singleton bean 'userRoleAccessOpj'
2024-08-02T08:41:50.736+03:00 DEBUG 88274 --- [cv_c_r_u_d] [           main] o.s.b.f.s.DefaultListableBeanFactory     : Creating shared instance of singleton bean 'jpa.named-queries#0'
2024-08-02T08:41:50.739+03:00 DEBUG 88274 --- [cv_c_r_u_d] [           main] o.s.b.f.s.DefaultListableBeanFactory     : Creating shared instance of singleton bean 'jpa.UserRoleAccessOpj.fragments#0'
2024-08-02T08:41:50.742+03:00 DEBUG 88274 --- [cv_c_r_u_d] [           main] tor$SharedEntityManagerInvocationHandler : Creating new EntityManager for shared EntityManager invocation
2024-08-02T08:41:50.751+03:00 DEBUG 88274 --- [cv_c_r_u_d] [           main] o.s.d.r.c.s.RepositoryFactorySupport     : Initializing repository instance for com.cv.cv_c_r_u_d.dataaccessopject.UserRoleAccessOpj…
2024-08-02T08:41:50.752+03:00 DEBUG 88274 --- [cv_c_r_u_d] [           main] tor$SharedEntityManagerInvocationHandler : Creating new EntityManager for shared EntityManager invocation
2024-08-02T08:41:50.765+03:00 DEBUG 88274 --- [cv_c_r_u_d] [           main] o.s.d.r.c.s.RepositoryFactorySupport     : Finished creation of repository instance for com.cv.cv_c_r_u_d.dataaccessopject.UserRoleAccessOpj.
2024-08-02T08:41:50.789+03:00 DEBUG 88274 --- [cv_c_r_u_d] [           main] o.s.b.f.s.DefaultListableBeanFactory     : Creating shared instance of singleton bean 'usersRestController'
2024-08-02T08:41:50.790+03:00 DEBUG 88274 --- [cv_c_r_u_d] [           main] o.s.b.f.s.DefaultListableBeanFactory     : Creating shared instance of singleton bean 'usersCRUD'
2024-08-02T08:41:50.792+03:00 DEBUG 88274 --- [cv_c_r_u_d] [           main] o.s.b.f.s.DefaultListableBeanFactory     : Creating shared instance of singleton bean 'usersAccOp'
2024-08-02T08:41:50.794+03:00 DEBUG 88274 --- [cv_c_r_u_d] [           main] o.s.b.f.s.DefaultListableBeanFactory     : Creating shared instance of singleton bean 'jpa.named-queries#2'
2024-08-02T08:41:50.796+03:00 DEBUG 88274 --- [cv_c_r_u_d] [           main] o.s.b.f.s.DefaultListableBeanFactory     : Creating shared instance of singleton bean 'jpa.UsersAccOp.fragments#0'
2024-08-02T08:41:50.798+03:00 DEBUG 88274 --- [cv_c_r_u_d] [           main] tor$SharedEntityManagerInvocationHandler : Creating new EntityManager for shared EntityManager invocation
2024-08-02T08:41:50.806+03:00 DEBUG 88274 --- [cv_c_r_u_d] [           main] o.s.d.r.c.s.RepositoryFactorySupport     : Initializing repository instance for com.cv.cv_c_r_u_d.dataaccessopject.UsersAccOp…
2024-08-02T08:41:50.807+03:00 DEBUG 88274 --- [cv_c_r_u_d] [           main] tor$SharedEntityManagerInvocationHandler : Creating new EntityManager for shared EntityManager invocation
2024-08-02T08:41:50.816+03:00 DEBUG 88274 --- [cv_c_r_u_d] [           main] o.s.d.r.c.s.RepositoryFactorySupport     : Finished creation of repository instance for com.cv.cv_c_r_u_d.dataaccessopject.UsersAccOp.
2024-08-02T08:41:50.902+03:00 DEBUG 88274 --- [cv_c_r_u_d] [           main] o.s.b.f.s.DefaultListableBeanFactory     : Creating shared instance of singleton bean 'org.springframework.web.servlet.config.annotation.DelegatingWebMvcConfiguration'
2024-08-02T08:41:50.915+03:00 DEBUG 88274 --- [cv_c_r_u_d] [           main] o.s.b.f.s.DefaultListableBeanFactory     : Creating shared instance of singleton bean 'org.springframework.security.config.annotation.web.configuration.WebMvcSecurityConfiguration'
2024-08-02T08:41:50.945+03:00 DEBUG 88274 --- [cv_c_r_u_d] [           main] o.s.b.f.s.DefaultListableBeanFactory     : Creating shared instance of singleton bean 'openEntityManagerInViewInterceptorConfigurer'
2024-08-02T08:41:50.946+03:00 DEBUG 88274 --- [cv_c_r_u_d] [           main] o.s.b.f.s.DefaultListableBeanFactory     : Creating shared instance of singleton bean 'org.springframework.boot.autoconfigure.orm.jpa.JpaBaseConfiguration$JpaWebConfiguration'
2024-08-02T08:41:50.948+03:00 DEBUG 88274 --- [cv_c_r_u_d] [           main] o.s.b.f.s.DefaultListableBeanFactory     : Autowiring by type from bean name 'org.springframework.boot.autoconfigure.orm.jpa.JpaBaseConfiguration$JpaWebConfiguration' via constructor to bean named 'spring.jpa-org.springframework.boot.autoconfigure.orm.jpa.JpaProperties'
2024-08-02T08:41:50.954+03:00 DEBUG 88274 --- [cv_c_r_u_d] [           main] o.s.b.f.s.DefaultListableBeanFactory     : Creating shared instance of singleton bean 'openEntityManagerInViewInterceptor'
2024-08-02T08:41:50.955+03:00  WARN 88274 --- [cv_c_r_u_d] [           main] JpaBaseConfiguration$JpaWebConfiguration : spring.jpa.open-in-view is enabled by default. Therefore, database queries may be performed during view rendering. Explicitly configure spring.jpa.open-in-view to disable this warning
2024-08-02T08:41:50.963+03:00 DEBUG 88274 --- [cv_c_r_u_d] [           main] o.s.b.f.s.DefaultListableBeanFactory     : Autowiring by type from bean name 'openEntityManagerInViewInterceptorConfigurer' via factory method to bean named 'openEntityManagerInViewInterceptor'
2024-08-02T08:41:50.968+03:00 DEBUG 88274 --- [cv_c_r_u_d] [           main] o.s.b.f.s.DefaultListableBeanFactory     : Creating shared instance of singleton bean 'org.springframework.data.web.config.SpringDataWebConfiguration'
2024-08-02T08:41:50.975+03:00 DEBUG 88274 --- [cv_c_r_u_d] [           main] o.s.b.f.s.DefaultListableBeanFactory     : Autowiring by type from bean name 'org.springframework.data.web.config.SpringDataWebConfiguration' via constructor to bean named 'org.springframework.web.context.support.GenericWebApplicationContext@5ebd56e9'
2024-08-02T08:41:50.984+03:00 DEBUG 88274 --- [cv_c_r_u_d] [           main] o.s.b.f.s.DefaultListableBeanFactory     : Creating shared instance of singleton bean 'endpointObjectMapperWebMvcConfigurer'
2024-08-02T08:41:50.986+03:00 DEBUG 88274 --- [cv_c_r_u_d] [           main] o.s.b.f.s.DefaultListableBeanFactory     : Creating shared instance of singleton bean 'endpointObjectMapper'
2024-08-02T08:41:50.987+03:00 DEBUG 88274 --- [cv_c_r_u_d] [           main] o.s.b.f.s.DefaultListableBeanFactory     : Creating shared instance of singleton bean 'org.springframework.boot.actuate.autoconfigure.endpoint.jackson.JacksonEndpointAutoConfiguration'
2024-08-02T08:41:50.999+03:00 DEBUG 88274 --- [cv_c_r_u_d] [           main] o.s.b.f.s.DefaultListableBeanFactory     : Autowiring by type from bean name 'endpointObjectMapperWebMvcConfigurer' via factory method to bean named 'endpointObjectMapper'
2024-08-02T08:41:51.012+03:00 DEBUG 88274 --- [cv_c_r_u_d] [           main] o.s.b.f.s.DefaultListableBeanFactory     : Creating shared instance of singleton bean 'requestMappingHandlerMapping'
2024-08-02T08:41:51.015+03:00 DEBUG 88274 --- [cv_c_r_u_d] [           main] o.s.b.f.s.DefaultListableBeanFactory     : Creating shared instance of singleton bean 'mvcContentNegotiationManager'
2024-08-02T08:41:51.023+03:00 DEBUG 88274 --- [cv_c_r_u_d] [           main] o.s.b.f.s.DefaultListableBeanFactory     : Creating shared instance of singleton bean 'mvcConversionService'
2024-08-02T08:41:51.042+03:00 DEBUG 88274 --- [cv_c_r_u_d] [           main] o.s.b.f.s.DefaultListableBeanFactory     : Creating shared instance of singleton bean 'mvcResourceUrlProvider'
2024-08-02T08:41:51.048+03:00 DEBUG 88274 --- [cv_c_r_u_d] [           main] o.s.b.f.s.DefaultListableBeanFactory     : Autowiring by type from bean name 'requestMappingHandlerMapping' via factory method to bean named 'mvcContentNegotiationManager'
2024-08-02T08:41:51.048+03:00 DEBUG 88274 --- [cv_c_r_u_d] [           main] o.s.b.f.s.DefaultListableBeanFactory     : Autowiring by type from bean name 'requestMappingHandlerMapping' via factory method to bean named 'mvcConversionService'
2024-08-02T08:41:51.049+03:00 DEBUG 88274 --- [cv_c_r_u_d] [           main] o.s.b.f.s.DefaultListableBeanFactory     : Autowiring by type from bean name 'requestMappingHandlerMapping' via factory method to bean named 'mvcResourceUrlProvider'
2024-08-02T08:41:51.153+03:00 DEBUG 88274 --- [cv_c_r_u_d] [           main] s.w.s.m.m.a.RequestMappingHandlerMapping : 25 mappings in 'requestMappingHandlerMapping'
2024-08-02T08:41:51.184+03:00 DEBUG 88274 --- [cv_c_r_u_d] [           main] o.s.b.f.s.DefaultListableBeanFactory     : Creating shared instance of singleton bean 'mvcPatternParser'
2024-08-02T08:41:51.188+03:00 DEBUG 88274 --- [cv_c_r_u_d] [           main] o.s.b.f.s.DefaultListableBeanFactory     : Creating shared instance of singleton bean 'mvcUrlPathHelper'
2024-08-02T08:41:51.199+03:00 DEBUG 88274 --- [cv_c_r_u_d] [           main] o.s.b.f.s.DefaultListableBeanFactory     : Creating shared instance of singleton bean 'mvcPathMatcher'
2024-08-02T08:41:51.207+03:00 DEBUG 88274 --- [cv_c_r_u_d] [           main] o.s.b.f.s.DefaultListableBeanFactory     : Creating shared instance of singleton bean 'viewControllerHandlerMapping'
2024-08-02T08:41:51.208+03:00 DEBUG 88274 --- [cv_c_r_u_d] [           main] o.s.b.f.s.DefaultListableBeanFactory     : Autowiring by type from bean name 'viewControllerHandlerMapping' via factory method to bean named 'mvcConversionService'
2024-08-02T08:41:51.209+03:00 DEBUG 88274 --- [cv_c_r_u_d] [           main] o.s.b.f.s.DefaultListableBeanFactory     : Autowiring by type from bean name 'viewControllerHandlerMapping' via factory method to bean named 'mvcResourceUrlProvider'
2024-08-02T08:41:51.214+03:00 DEBUG 88274 --- [cv_c_r_u_d] [           main] o.s.b.f.s.DefaultListableBeanFactory     : Creating shared instance of singleton bean 'beanNameHandlerMapping'
2024-08-02T08:41:51.218+03:00 DEBUG 88274 --- [cv_c_r_u_d] [           main] o.s.b.f.s.DefaultListableBeanFactory     : Autowiring by type from bean name 'beanNameHandlerMapping' via factory method to bean named 'mvcConversionService'
2024-08-02T08:41:51.218+03:00 DEBUG 88274 --- [cv_c_r_u_d] [           main] o.s.b.f.s.DefaultListableBeanFactory     : Autowiring by type from bean name 'beanNameHandlerMapping' via factory method to bean named 'mvcResourceUrlProvider'
2024-08-02T08:41:51.275+03:00 DEBUG 88274 --- [cv_c_r_u_d] [           main] o.s.b.f.s.DefaultListableBeanFactory     : Creating shared instance of singleton bean 'routerFunctionMapping'
2024-08-02T08:41:51.278+03:00 DEBUG 88274 --- [cv_c_r_u_d] [           main] o.s.b.f.s.DefaultListableBeanFactory     : Autowiring by type from bean name 'routerFunctionMapping' via factory method to bean named 'mvcConversionService'
2024-08-02T08:41:51.278+03:00 DEBUG 88274 --- [cv_c_r_u_d] [           main] o.s.b.f.s.DefaultListableBeanFactory     : Autowiring by type from bean name 'routerFunctionMapping' via factory method to bean named 'mvcResourceUrlProvider'
2024-08-02T08:41:51.289+03:00 DEBUG 88274 --- [cv_c_r_u_d] [           main] o.s.b.f.s.DefaultListableBeanFactory     : Creating shared instance of singleton bean 'jacksonObjectMapper'
2024-08-02T08:41:51.289+03:00 DEBUG 88274 --- [cv_c_r_u_d] [           main] o.s.b.f.s.DefaultListableBeanFactory     : Creating shared instance of singleton bean 'org.springframework.boot.autoconfigure.jackson.JacksonAutoConfiguration$JacksonObjectMapperConfiguration'
2024-08-02T08:41:51.292+03:00 DEBUG 88274 --- [cv_c_r_u_d] [           main] o.s.b.f.s.DefaultListableBeanFactory     : Creating shared instance of singleton bean 'org.springframework.boot.autoconfigure.jackson.JacksonAutoConfiguration$JacksonObjectMapperBuilderConfiguration'
2024-08-02T08:41:51.296+03:00 DEBUG 88274 --- [cv_c_r_u_d] [           main] o.s.b.f.s.DefaultListableBeanFactory     : Creating shared instance of singleton bean 'standardJacksonObjectMapperBuilderCustomizer'
2024-08-02T08:41:51.296+03:00 DEBUG 88274 --- [cv_c_r_u_d] [           main] o.s.b.f.s.DefaultListableBeanFactory     : Creating shared instance of singleton bean 'org.springframework.boot.autoconfigure.jackson.JacksonAutoConfiguration$Jackson2ObjectMapperBuilderCustomizerConfiguration'
2024-08-02T08:41:51.301+03:00 DEBUG 88274 --- [cv_c_r_u_d] [           main] o.s.b.f.s.DefaultListableBeanFactory     : Creating shared instance of singleton bean 'spring.jackson-org.springframework.boot.autoconfigure.jackson.JacksonProperties'
2024-08-02T08:41:51.316+03:00 DEBUG 88274 --- [cv_c_r_u_d] [           main] o.s.b.f.s.DefaultListableBeanFactory     : Autowiring by type from bean name 'standardJacksonObjectMapperBuilderCustomizer' via factory method to bean named 'spring.jackson-org.springframework.boot.autoconfigure.jackson.JacksonProperties'
2024-08-02T08:41:51.318+03:00 DEBUG 88274 --- [cv_c_r_u_d] [           main] o.s.b.f.s.DefaultListableBeanFactory     : Creating shared instance of singleton bean 'parameterNamesModule'
2024-08-02T08:41:51.318+03:00 DEBUG 88274 --- [cv_c_r_u_d] [           main] o.s.b.f.s.DefaultListableBeanFactory     : Creating shared instance of singleton bean 'org.springframework.boot.autoconfigure.jackson.JacksonAutoConfiguration$ParameterNamesModuleConfiguration'
2024-08-02T08:41:51.332+03:00 DEBUG 88274 --- [cv_c_r_u_d] [           main] o.s.b.f.s.DefaultListableBeanFactory     : Creating shared instance of singleton bean 'jsonMixinModule'
2024-08-02T08:41:51.336+03:00 DEBUG 88274 --- [cv_c_r_u_d] [           main] o.s.b.f.s.DefaultListableBeanFactory     : Creating shared instance of singleton bean 'org.springframework.boot.autoconfigure.jackson.JacksonAutoConfiguration$JacksonMixinConfiguration'
2024-08-02T08:41:51.340+03:00 DEBUG 88274 --- [cv_c_r_u_d] [           main] o.s.b.f.s.DefaultListableBeanFactory     : Creating shared instance of singleton bean 'jsonMixinModuleEntries'
2024-08-02T08:41:51.341+03:00 DEBUG 88274 --- [cv_c_r_u_d] [           main] o.s.b.f.s.DefaultListableBeanFactory     : Autowiring by type from bean name 'jsonMixinModuleEntries' via factory method to bean named 'org.springframework.web.context.support.GenericWebApplicationContext@5ebd56e9'
2024-08-02T08:41:51.355+03:00 DEBUG 88274 --- [cv_c_r_u_d] [           main] o.s.b.f.s.DefaultListableBeanFactory     : Autowiring by type from bean name 'jsonMixinModule' via factory method to bean named 'org.springframework.web.context.support.GenericWebApplicationContext@5ebd56e9'
2024-08-02T08:41:51.356+03:00 DEBUG 88274 --- [cv_c_r_u_d] [           main] o.s.b.f.s.DefaultListableBeanFactory     : Autowiring by type from bean name 'jsonMixinModule' via factory method to bean named 'jsonMixinModuleEntries'
2024-08-02T08:41:51.367+03:00 DEBUG 88274 --- [cv_c_r_u_d] [           main] o.s.b.f.s.DefaultListableBeanFactory     : Creating shared instance of singleton bean 'jsonComponentModule'
2024-08-02T08:41:51.367+03:00 DEBUG 88274 --- [cv_c_r_u_d] [           main] o.s.b.f.s.DefaultListableBeanFactory     : Creating shared instance of singleton bean 'org.springframework.boot.autoconfigure.jackson.JacksonAutoConfiguration'
2024-08-02T08:41:51.382+03:00 DEBUG 88274 --- [cv_c_r_u_d] [           main] o.s.b.f.s.DefaultListableBeanFactory     : Creating shared instance of singleton bean 'jacksonGeoModule'
2024-08-02T08:41:51.385+03:00 DEBUG 88274 --- [cv_c_r_u_d] [           main] o.s.b.f.s.DefaultListableBeanFactory     : Creating shared instance of singleton bean 'org.springframework.data.web.config.SpringDataJacksonConfiguration'
2024-08-02T08:41:51.390+03:00 DEBUG 88274 --- [cv_c_r_u_d] [           main] o.s.b.f.s.DefaultListableBeanFactory     : Creating shared instance of singleton bean 'org.springframework.data.web.config.SpringDataWebSettings'
2024-08-02T08:41:51.412+03:00 DEBUG 88274 --- [cv_c_r_u_d] [           main] o.s.b.f.s.DefaultListableBeanFactory     : Creating shared instance of singleton bean 'pageModule'
2024-08-02T08:41:51.427+03:00 DEBUG 88274 --- [cv_c_r_u_d] [           main] o.s.b.f.s.DefaultListableBeanFactory     : Autowiring by type from bean name 'jacksonObjectMapperBuilder' via factory method to bean named 'org.springframework.web.context.support.GenericWebApplicationContext@5ebd56e9'
2024-08-02T08:41:51.428+03:00 DEBUG 88274 --- [cv_c_r_u_d] [           main] o.s.b.f.s.DefaultListableBeanFactory     : Autowiring by type from bean name 'jacksonObjectMapperBuilder' via factory method to bean named 'standardJacksonObjectMapperBuilderCustomizer'
2024-08-02T08:41:51.436+03:00 DEBUG 88274 --- [cv_c_r_u_d] [           main] o.s.b.f.s.DefaultListableBeanFactory     : Autowiring by type from bean name 'jacksonObjectMapper' via factory method to bean named 'jacksonObjectMapperBuilder'
2024-08-02T08:41:51.640+03:00 DEBUG 88274 --- [cv_c_r_u_d] [           main] o.s.b.f.s.DefaultListableBeanFactory     : Creating shared instance of singleton bean 'resourceHandlerMapping'
2024-08-02T08:41:51.641+03:00 DEBUG 88274 --- [cv_c_r_u_d] [           main] o.s.b.f.s.DefaultListableBeanFactory     : Autowiring by type from bean name 'resourceHandlerMapping' via factory method to bean named 'mvcContentNegotiationManager'
2024-08-02T08:41:51.642+03:00 DEBUG 88274 --- [cv_c_r_u_d] [           main] o.s.b.f.s.DefaultListableBeanFactory     : Autowiring by type from bean name 'resourceHandlerMapping' via factory method to bean named 'mvcConversionService'
2024-08-02T08:41:51.642+03:00 DEBUG 88274 --- [cv_c_r_u_d] [           main] o.s.b.f.s.DefaultListableBeanFactory     : Autowiring by type from bean name 'resourceHandlerMapping' via factory method to bean named 'mvcResourceUrlProvider'
2024-08-02T08:41:51.643+03:00 DEBUG 88274 --- [cv_c_r_u_d] [           main] o.s.b.f.s.DefaultListableBeanFactory     : Creating shared instance of singleton bean 'defaultServletHandlerMapping'
2024-08-02T08:41:51.645+03:00 DEBUG 88274 --- [cv_c_r_u_d] [           main] o.s.b.f.s.DefaultListableBeanFactory     : Creating shared instance of singleton bean 'requestMappingHandlerAdapter'
2024-08-02T08:41:51.647+03:00 DEBUG 88274 --- [cv_c_r_u_d] [           main] o.s.b.f.s.DefaultListableBeanFactory     : Creating shared instance of singleton bean 'mvcValidator'
2024-08-02T08:41:51.676+03:00 DEBUG 88274 --- [cv_c_r_u_d] [           main] o.s.b.f.s.DefaultListableBeanFactory     : Autowiring by type from bean name 'requestMappingHandlerAdapter' via factory method to bean named 'mvcContentNegotiationManager'
2024-08-02T08:41:51.677+03:00 DEBUG 88274 --- [cv_c_r_u_d] [           main] o.s.b.f.s.DefaultListableBeanFactory     : Autowiring by type from bean name 'requestMappingHandlerAdapter' via factory method to bean named 'mvcConversionService'
2024-08-02T08:41:51.677+03:00 DEBUG 88274 --- [cv_c_r_u_d] [           main] o.s.b.f.s.DefaultListableBeanFactory     : Autowiring by type from bean name 'requestMappingHandlerAdapter' via factory method to bean named 'mvcValidator'
2024-08-02T08:41:51.689+03:00 DEBUG 88274 --- [cv_c_r_u_d] [           main] o.s.b.f.s.DefaultListableBeanFactory     : Creating shared instance of singleton bean 'sortResolver'
2024-08-02T08:41:51.694+03:00 DEBUG 88274 --- [cv_c_r_u_d] [           main] o.s.b.f.s.DefaultListableBeanFactory     : Creating shared instance of singleton bean 'sortCustomizer'
2024-08-02T08:41:51.695+03:00 DEBUG 88274 --- [cv_c_r_u_d] [           main] o.s.b.f.s.DefaultListableBeanFactory     : Creating shared instance of singleton bean 'org.springframework.boot.autoconfigure.data.web.SpringDataWebAutoConfiguration'
2024-08-02T08:41:51.697+03:00 DEBUG 88274 --- [cv_c_r_u_d] [           main] o.s.b.f.s.DefaultListableBeanFactory     : Creating shared instance of singleton bean 'spring.data.web-org.springframework.boot.autoconfigure.data.web.SpringDataWebProperties'
2024-08-02T08:41:51.709+03:00 DEBUG 88274 --- [cv_c_r_u_d] [           main] o.s.b.f.s.DefaultListableBeanFactory     : Autowiring by type from bean name 'org.springframework.boot.autoconfigure.data.web.SpringDataWebAutoConfiguration' via constructor to bean named 'spring.data.web-org.springframework.boot.autoconfigure.data.web.SpringDataWebProperties'
2024-08-02T08:41:51.721+03:00 DEBUG 88274 --- [cv_c_r_u_d] [           main] o.s.b.f.s.DefaultListableBeanFactory     : Creating shared instance of singleton bean 'pageableResolver'
2024-08-02T08:41:51.724+03:00 DEBUG 88274 --- [cv_c_r_u_d] [           main] o.s.b.f.s.DefaultListableBeanFactory     : Creating shared instance of singleton bean 'pageableCustomizer'
2024-08-02T08:41:51.793+03:00 DEBUG 88274 --- [cv_c_r_u_d] [           main] s.w.s.m.m.a.RequestMappingHandlerAdapter : ControllerAdvice beans: 0 @ModelAttribute, 0 @InitBinder, 1 RequestBodyAdvice, 1 ResponseBodyAdvice
2024-08-02T08:41:51.920+03:00 DEBUG 88274 --- [cv_c_r_u_d] [           main] o.s.b.f.s.DefaultListableBeanFactory     : Creating shared instance of singleton bean 'handlerFunctionAdapter'
2024-08-02T08:41:51.924+03:00 DEBUG 88274 --- [cv_c_r_u_d] [           main] o.s.b.f.s.DefaultListableBeanFactory     : Creating shared instance of singleton bean 'mvcUriComponentsContributor'
2024-08-02T08:41:51.926+03:00 DEBUG 88274 --- [cv_c_r_u_d] [           main] o.s.b.f.s.DefaultListableBeanFactory     : Autowiring by type from bean name 'mvcUriComponentsContributor' via factory method to bean named 'mvcConversionService'
2024-08-02T08:41:51.926+03:00 DEBUG 88274 --- [cv_c_r_u_d] [           main] o.s.b.f.s.DefaultListableBeanFactory     : Autowiring by type from bean name 'mvcUriComponentsContributor' via factory method to bean named 'requestMappingHandlerAdapter'
2024-08-02T08:41:51.931+03:00 DEBUG 88274 --- [cv_c_r_u_d] [           main] o.s.b.f.s.DefaultListableBeanFactory     : Creating shared instance of singleton bean 'httpRequestHandlerAdapter'
2024-08-02T08:41:51.933+03:00 DEBUG 88274 --- [cv_c_r_u_d] [           main] o.s.b.f.s.DefaultListableBeanFactory     : Creating shared instance of singleton bean 'simpleControllerHandlerAdapter'
2024-08-02T08:41:51.936+03:00 DEBUG 88274 --- [cv_c_r_u_d] [           main] o.s.b.f.s.DefaultListableBeanFactory     : Creating shared instance of singleton bean 'handlerExceptionResolver'
2024-08-02T08:41:51.937+03:00 DEBUG 88274 --- [cv_c_r_u_d] [           main] o.s.b.f.s.DefaultListableBeanFactory     : Autowiring by type from bean name 'handlerExceptionResolver' via factory method to bean named 'mvcContentNegotiationManager'
2024-08-02T08:41:51.945+03:00 DEBUG 88274 --- [cv_c_r_u_d] [           main] .m.m.a.ExceptionHandlerExceptionResolver : ControllerAdvice beans: 1 @ExceptionHandler, 1 ResponseBodyAdvice
2024-08-02T08:41:51.950+03:00 DEBUG 88274 --- [cv_c_r_u_d] [           main] o.s.b.f.s.DefaultListableBeanFactory     : Creating shared instance of singleton bean 'mvcViewResolver'
2024-08-02T08:41:51.954+03:00 DEBUG 88274 --- [cv_c_r_u_d] [           main] o.s.b.f.s.DefaultListableBeanFactory     : Autowiring by type from bean name 'mvcViewResolver' via factory method to bean named 'mvcContentNegotiationManager'
2024-08-02T08:41:51.966+03:00 DEBUG 88274 --- [cv_c_r_u_d] [           main] o.s.b.f.s.DefaultListableBeanFactory     : Creating shared instance of singleton bean 'localeResolver'
2024-08-02T08:41:51.970+03:00 DEBUG 88274 --- [cv_c_r_u_d] [           main] o.s.b.f.s.DefaultListableBeanFactory     : Creating shared instance of singleton bean 'themeResolver'
2024-08-02T08:41:51.974+03:00 DEBUG 88274 --- [cv_c_r_u_d] [           main] o.s.b.f.s.DefaultListableBeanFactory     : Creating shared instance of singleton bean 'flashMapManager'
2024-08-02T08:41:51.982+03:00 DEBUG 88274 --- [cv_c_r_u_d] [           main] o.s.b.f.s.DefaultListableBeanFactory     : Creating shared instance of singleton bean 'viewNameTranslator'
2024-08-02T08:41:51.987+03:00 DEBUG 88274 --- [cv_c_r_u_d] [           main] o.s.b.f.s.DefaultListableBeanFactory     : Creating shared instance of singleton bean 'viewResolver'
2024-08-02T08:41:52.038+03:00 DEBUG 88274 --- [cv_c_r_u_d] [           main] o.s.b.f.s.DefaultListableBeanFactory     : Creating shared instance of singleton bean 'org.springframework.security.config.annotation.web.configuration.WebSecurityConfiguration'
2024-08-02T08:41:52.045+03:00 DEBUG 88274 --- [cv_c_r_u_d] [           main] o.s.b.f.s.DefaultListableBeanFactory     : Creating shared instance of singleton bean 'org.springframework.security.config.annotation.web.configuration.HttpSecurityConfiguration'
2024-08-02T08:41:52.224+03:00 DEBUG 88274 --- [cv_c_r_u_d] [           main] o.s.b.f.s.DefaultListableBeanFactory     : Creating shared instance of singleton bean 'observationRegistry'
2024-08-02T08:41:52.228+03:00 DEBUG 88274 --- [cv_c_r_u_d] [           main] o.s.b.f.s.DefaultListableBeanFactory     : Creating shared instance of singleton bean 'org.springframework.boot.actuate.autoconfigure.observation.ObservationAutoConfiguration'
2024-08-02T08:41:52.239+03:00 DEBUG 88274 --- [cv_c_r_u_d] [           main] o.s.b.f.s.DefaultListableBeanFactory     : Creating shared instance of singleton bean 'propertiesObservationFilter'
2024-08-02T08:41:52.240+03:00 DEBUG 88274 --- [cv_c_r_u_d] [           main] o.s.b.f.s.DefaultListableBeanFactory     : Creating shared instance of singleton bean 'management.observations-org.springframework.boot.actuate.autoconfigure.observation.ObservationProperties'
2024-08-02T08:41:52.248+03:00 DEBUG 88274 --- [cv_c_r_u_d] [           main] o.s.b.f.s.DefaultListableBeanFactory     : Autowiring by type from bean name 'propertiesObservationFilter' via factory method to bean named 'management.observations-org.springframework.boot.actuate.autoconfigure.observation.ObservationProperties'
2024-08-02T08:41:52.267+03:00 DEBUG 88274 --- [cv_c_r_u_d] [           main] o.s.b.f.s.DefaultListableBeanFactory     : Creating shared instance of singleton bean 'metricsObservationHandlerGrouping'
2024-08-02T08:41:52.267+03:00 DEBUG 88274 --- [cv_c_r_u_d] [           main] o.s.b.f.s.DefaultListableBeanFactory     : Creating shared instance of singleton bean 'org.springframework.boot.actuate.autoconfigure.observation.ObservationAutoConfiguration$OnlyMetricsConfiguration'
2024-08-02T08:41:52.287+03:00 DEBUG 88274 --- [cv_c_r_u_d] [           main] o.s.b.f.s.DefaultListableBeanFactory     : Creating shared instance of singleton bean 'defaultMeterObservationHandler'
2024-08-02T08:41:52.287+03:00 DEBUG 88274 --- [cv_c_r_u_d] [           main] o.s.b.f.s.DefaultListableBeanFactory     : Creating shared instance of singleton bean 'org.springframework.boot.actuate.autoconfigure.observation.ObservationAutoConfiguration$MeterObservationHandlerConfiguration$OnlyMetricsMeterObservationHandlerConfiguration'
2024-08-02T08:41:52.296+03:00 DEBUG 88274 --- [cv_c_r_u_d] [           main] o.s.b.f.s.DefaultListableBeanFactory     : Creating shared instance of singleton bean 'simpleMeterRegistry'
2024-08-02T08:41:52.297+03:00 DEBUG 88274 --- [cv_c_r_u_d] [           main] o.s.b.f.s.DefaultListableBeanFactory     : Creating shared instance of singleton bean 'org.springframework.boot.actuate.autoconfigure.metrics.export.simple.SimpleMetricsExportAutoConfiguration'
2024-08-02T08:41:52.308+03:00 DEBUG 88274 --- [cv_c_r_u_d] [           main] o.s.b.f.s.DefaultListableBeanFactory     : Creating shared instance of singleton bean 'simpleConfig'
2024-08-02T08:41:52.315+03:00 DEBUG 88274 --- [cv_c_r_u_d] [           main] o.s.b.f.s.DefaultListableBeanFactory     : Creating shared instance of singleton bean 'management.simple.metrics.export-org.springframework.boot.actuate.autoconfigure.metrics.export.simple.SimpleProperties'
2024-08-02T08:41:52.350+03:00 DEBUG 88274 --- [cv_c_r_u_d] [           main] o.s.b.f.s.DefaultListableBeanFactory     : Autowiring by type from bean name 'simpleConfig' via factory method to bean named 'management.simple.metrics.export-org.springframework.boot.actuate.autoconfigure.metrics.export.simple.SimpleProperties'
2024-08-02T08:41:52.384+03:00 DEBUG 88274 --- [cv_c_r_u_d] [           main] o.s.b.f.s.DefaultListableBeanFactory     : Creating shared instance of singleton bean 'micrometerClock'
2024-08-02T08:41:52.385+03:00 DEBUG 88274 --- [cv_c_r_u_d] [           main] o.s.b.f.s.DefaultListableBeanFactory     : Creating shared instance of singleton bean 'org.springframework.boot.actuate.autoconfigure.metrics.MetricsAutoConfiguration'
2024-08-02T08:41:52.401+03:00 DEBUG 88274 --- [cv_c_r_u_d] [           main] o.s.b.f.s.DefaultListableBeanFactory     : Autowiring by type from bean name 'simpleMeterRegistry' via factory method to bean named 'simpleConfig'
2024-08-02T08:41:52.401+03:00 DEBUG 88274 --- [cv_c_r_u_d] [           main] o.s.b.f.s.DefaultListableBeanFactory     : Autowiring by type from bean name 'simpleMeterRegistry' via factory method to bean named 'micrometerClock'
2024-08-02T08:41:52.499+03:00 DEBUG 88274 --- [cv_c_r_u_d] [           main] o.s.b.f.s.DefaultListableBeanFactory     : Creating shared instance of singleton bean 'propertiesMeterFilter'
2024-08-02T08:41:52.500+03:00 DEBUG 88274 --- [cv_c_r_u_d] [           main] o.s.b.f.s.DefaultListableBeanFactory     : Autowiring by type from bean name 'propertiesMeterFilter' via factory method to bean named 'management.metrics-org.springframework.boot.actuate.autoconfigure.metrics.MetricsProperties'
2024-08-02T08:41:52.510+03:00 DEBUG 88274 --- [cv_c_r_u_d] [           main] o.s.b.f.s.DefaultListableBeanFactory     : Creating shared instance of singleton bean 'metricsHttpClientUriTagFilter'
2024-08-02T08:41:52.510+03:00 DEBUG 88274 --- [cv_c_r_u_d] [           main] o.s.b.f.s.DefaultListableBeanFactory     : Creating shared instance of singleton bean 'org.springframework.boot.actuate.autoconfigure.observation.web.client.HttpClientObservationsAutoConfiguration$MeterFilterConfiguration'
2024-08-02T08:41:52.516+03:00 DEBUG 88274 --- [cv_c_r_u_d] [           main] o.s.b.f.s.DefaultListableBeanFactory     : Autowiring by type from bean name 'metricsHttpClientUriTagFilter' via factory method to bean named 'management.observations-org.springframework.boot.actuate.autoconfigure.observation.ObservationProperties'
2024-08-02T08:41:52.517+03:00 DEBUG 88274 --- [cv_c_r_u_d] [           main] o.s.b.f.s.DefaultListableBeanFactory     : Autowiring by type from bean name 'metricsHttpClientUriTagFilter' via factory method to bean named 'management.metrics-org.springframework.boot.actuate.autoconfigure.metrics.MetricsProperties'
2024-08-02T08:41:52.531+03:00 DEBUG 88274 --- [cv_c_r_u_d] [           main] o.s.b.f.s.DefaultListableBeanFactory     : Creating shared instance of singleton bean 'metricsHttpServerUriTagFilter'
2024-08-02T08:41:52.532+03:00 DEBUG 88274 --- [cv_c_r_u_d] [           main] o.s.b.f.s.DefaultListableBeanFactory     : Creating shared instance of singleton bean 'org.springframework.boot.actuate.autoconfigure.observation.web.servlet.WebMvcObservationAutoConfiguration$MeterFilterConfiguration'
2024-08-02T08:41:52.537+03:00 DEBUG 88274 --- [cv_c_r_u_d] [           main] o.s.b.f.s.DefaultListableBeanFactory     : Autowiring by type from bean name 'metricsHttpServerUriTagFilter' via factory method to bean named 'management.observations-org.springframework.boot.actuate.autoconfigure.observation.ObservationProperties'
2024-08-02T08:41:52.538+03:00 DEBUG 88274 --- [cv_c_r_u_d] [           main] o.s.b.f.s.DefaultListableBeanFactory     : Autowiring by type from bean name 'metricsHttpServerUriTagFilter' via factory method to bean named 'management.metrics-org.springframework.boot.actuate.autoconfigure.metrics.MetricsProperties'
2024-08-02T08:41:52.566+03:00 DEBUG 88274 --- [cv_c_r_u_d] [           main] o.s.b.f.s.DefaultListableBeanFactory     : Autowiring by type from bean name 'defaultMeterObservationHandler' via factory method to bean named 'simpleMeterRegistry'
2024-08-02T08:41:52.567+03:00 DEBUG 88274 --- [cv_c_r_u_d] [           main] o.s.b.f.s.DefaultListableBeanFactory     : Autowiring by type from bean name 'defaultMeterObservationHandler' via factory method to bean named 'management.observations-org.springframework.boot.actuate.autoconfigure.observation.ObservationProperties'
2024-08-02T08:41:52.641+03:00 DEBUG 88274 --- [cv_c_r_u_d] [           main] o.s.b.f.s.DefaultListableBeanFactory     : Creating shared instance of singleton bean 'mvcHandlerMappingIntrospectorRequestTransformer'
2024-08-02T08:41:52.642+03:00 DEBUG 88274 --- [cv_c_r_u_d] [           main] o.s.b.f.s.DefaultListableBeanFactory     : Creating shared instance of singleton bean 'mvcHandlerMappingIntrospector'
2024-08-02T08:41:52.653+03:00 DEBUG 88274 --- [cv_c_r_u_d] [           main] o.s.b.f.s.DefaultListableBeanFactory     : Creating shared instance of singleton bean 'healthEndpointWebMvcHandlerMapping'
2024-08-02T08:41:52.654+03:00 DEBUG 88274 --- [cv_c_r_u_d] [           main] o.s.b.f.s.DefaultListableBeanFactory     : Creating shared instance of singleton bean 'org.springframework.boot.actuate.autoconfigure.health.HealthEndpointWebExtensionConfiguration$MvcAdditionalHealthEndpointPathsConfiguration'
2024-08-02T08:41:52.662+03:00 DEBUG 88274 --- [cv_c_r_u_d] [           main] o.s.b.f.s.DefaultListableBeanFactory     : Creating shared instance of singleton bean 'webEndpointDiscoverer'
2024-08-02T08:41:52.662+03:00 DEBUG 88274 --- [cv_c_r_u_d] [           main] o.s.b.f.s.DefaultListableBeanFactory     : Creating shared instance of singleton bean 'org.springframework.boot.actuate.autoconfigure.endpoint.web.WebEndpointAutoConfiguration'
2024-08-02T08:41:52.670+03:00 DEBUG 88274 --- [cv_c_r_u_d] [           main] o.s.b.f.s.DefaultListableBeanFactory     : Creating shared instance of singleton bean 'management.endpoints.web-org.springframework.boot.actuate.autoconfigure.endpoint.web.WebEndpointProperties'
2024-08-02T08:41:52.691+03:00 DEBUG 88274 --- [cv_c_r_u_d] [           main] o.s.b.f.s.DefaultListableBeanFactory     : Autowiring by type from bean name 'org.springframework.boot.actuate.autoconfigure.endpoint.web.WebEndpointAutoConfiguration' via constructor to bean named 'org.springframework.web.context.support.GenericWebApplicationContext@5ebd56e9'
2024-08-02T08:41:52.691+03:00 DEBUG 88274 --- [cv_c_r_u_d] [           main] o.s.b.f.s.DefaultListableBeanFactory     : Autowiring by type from bean name 'org.springframework.boot.actuate.autoconfigure.endpoint.web.WebEndpointAutoConfiguration' via constructor to bean named 'management.endpoints.web-org.springframework.boot.actuate.autoconfigure.endpoint.web.WebEndpointProperties'
2024-08-02T08:41:52.697+03:00 DEBUG 88274 --- [cv_c_r_u_d] [           main] o.s.b.f.s.DefaultListableBeanFactory     : Creating shared instance of singleton bean 'endpointOperationParameterMapper'
2024-08-02T08:41:52.697+03:00 DEBUG 88274 --- [cv_c_r_u_d] [           main] o.s.b.f.s.DefaultListableBeanFactory     : Creating shared instance of singleton bean 'org.springframework.boot.actuate.autoconfigure.endpoint.EndpointAutoConfiguration'
2024-08-02T08:41:52.710+03:00 DEBUG 88274 --- [cv_c_r_u_d] [           main] o.s.b.f.s.DefaultListableBeanFactory     : Creating shared instance of singleton bean 'endpointMediaTypes'
2024-08-02T08:41:52.713+03:00 DEBUG 88274 --- [cv_c_r_u_d] [           main] o.s.b.f.s.DefaultListableBeanFactory     : Autowiring by type from bean name 'webEndpointDiscoverer' via factory method to bean named 'endpointOperationParameterMapper'
2024-08-02T08:41:52.713+03:00 DEBUG 88274 --- [cv_c_r_u_d] [           main] o.s.b.f.s.DefaultListableBeanFactory     : Autowiring by type from bean name 'webEndpointDiscoverer' via factory method to bean named 'endpointMediaTypes'
2024-08-02T08:41:52.715+03:00 DEBUG 88274 --- [cv_c_r_u_d] [           main] o.s.b.f.s.DefaultListableBeanFactory     : Creating shared instance of singleton bean 'webEndpointPathMapper'
2024-08-02T08:41:52.723+03:00 DEBUG 88274 --- [cv_c_r_u_d] [           main] o.s.b.f.s.DefaultListableBeanFactory     : Creating shared instance of singleton bean 'endpointCachingOperationInvokerAdvisor'
2024-08-02T08:41:52.724+03:00 DEBUG 88274 --- [cv_c_r_u_d] [           main] o.s.b.f.s.DefaultListableBeanFactory     : Autowiring by type from bean name 'endpointCachingOperationInvokerAdvisor' via factory method to bean named 'environment'
2024-08-02T08:41:52.730+03:00 DEBUG 88274 --- [cv_c_r_u_d] [           main] o.s.b.f.s.DefaultListableBeanFactory     : Creating shared instance of singleton bean 'webExposeExcludePropertyEndpointFilter'
2024-08-02T08:41:52.756+03:00 DEBUG 88274 --- [cv_c_r_u_d] [           main] o.s.b.f.s.DefaultListableBeanFactory     : Creating shared instance of singleton bean 'healthEndpointGroups'
2024-08-02T08:41:52.757+03:00 DEBUG 88274 --- [cv_c_r_u_d] [           main] o.s.b.f.s.DefaultListableBeanFactory     : Creating shared instance of singleton bean 'org.springframework.boot.actuate.autoconfigure.health.HealthEndpointConfiguration'
2024-08-02T08:41:52.772+03:00 DEBUG 88274 --- [cv_c_r_u_d] [           main] o.s.b.f.s.DefaultListableBeanFactory     : Creating shared instance of singleton bean 'management.endpoint.health-org.springframework.boot.actuate.autoconfigure.health.HealthEndpointProperties'
[...]
      Did not match:
         - @ConditionalOnClass did not find required class 'io.micrometer.signalfx.SignalFxMeterRegistry' (OnClassCondition)

   SpringApplicationAdminJmxAutoConfiguration:
      Did not match:
         - @ConditionalOnProperty (spring.application.admin.enabled=true) did not find property 'enabled' (OnPropertyCondition)

   SpringBootWebSecurityConfiguration.SecurityFilterChainConfiguration:
      Did not match:
         - AllNestedConditions 1 matched 1 did not; NestedCondition on DefaultWebSecurityCondition.Beans @ConditionalOnMissingBean (types: org.springframework.security.web.SecurityFilterChain; SearchStrategy: all) found beans of type 'org.springframework.security.web.SecurityFilterChain' restSecurityFilterChain; NestedCondition on DefaultWebSecurityCondition.Classes @ConditionalOnClass found required classes 'org.springframework.security.web.SecurityFilterChain', 'org.springframework.security.config.annotation.web.builders.HttpSecurity' (DefaultWebSecurityCondition)

   SpringBootWebSecurityConfiguration.WebSecurityEnablerConfiguration:
      Did not match:
         - @ConditionalOnMissingBean (names: springSecurityFilterChain; SearchStrategy: all) found beans named springSecurityFilterChain (OnBeanCondition)
      Matched:
         - @ConditionalOnClass found required class 'org.springframework.security.config.annotation.web.configuration.EnableWebSecurity' (OnClassCondition)

   StackdriverMetricsExportAutoConfiguration:
      Did not match:
         - @ConditionalOnClass did not find required class 'io.micrometer.stackdriver.StackdriverMeterRegistry' (OnClassCondition)

   StartupEndpointAutoConfiguration:
      Did not match:
         - ApplicationStartup configured applicationStartup is of type class org.springframework.core.metrics.DefaultApplicationStartup, expected BufferingApplicationStartup. (StartupEndpointAutoConfiguration.ApplicationStartupCondition)

   StatsdMetricsExportAutoConfiguration:
      Did not match:
         - @ConditionalOnClass did not find required class 'io.micrometer.statsd.StatsdMeterRegistry' (OnClassCondition)

   TaskExecutorConfigurations.SimpleAsyncTaskExecutorBuilderConfiguration#simpleAsyncTaskExecutorBuilderVirtualThreads:
      Did not match:
         - @ConditionalOnMissingBean (types: org.springframework.boot.task.SimpleAsyncTaskExecutorBuilder; SearchStrategy: all) found beans of type 'org.springframework.boot.task.SimpleAsyncTaskExecutorBuilder' simpleAsyncTaskExecutorBuilder (OnBeanCondition)

   TaskExecutorConfigurations.TaskExecutorConfiguration#applicationTaskExecutorVirtualThreads:
      Did not match:
         - @ConditionalOnThreading did not find VIRTUAL (OnThreadingCondition)

   TaskSchedulingAutoConfiguration#scheduledBeanLazyInitializationExcludeFilter:
      Did not match:
         - @ConditionalOnBean (names: org.springframework.context.annotation.internalScheduledAnnotationProcessor; SearchStrategy: all) did not find any beans named org.springframework.context.annotation.internalScheduledAnnotationProcessor (OnBeanCondition)

   TaskSchedulingConfigurations.SimpleAsyncTaskSchedulerBuilderConfiguration#simpleAsyncTaskSchedulerBuilderVirtualThreads:
      Did not match:
         - @ConditionalOnMissingBean (types: org.springframework.boot.task.SimpleAsyncTaskSchedulerBuilder; SearchStrategy: all) found beans of type 'org.springframework.boot.task.SimpleAsyncTaskSchedulerBuilder' simpleAsyncTaskSchedulerBuilder (OnBeanCondition)

   TaskSchedulingConfigurations.TaskSchedulerConfiguration:
      Did not match:
         - @ConditionalOnBean (names: org.springframework.context.annotation.internalScheduledAnnotationProcessor; SearchStrategy: all) did not find any beans named org.springframework.context.annotation.internalScheduledAnnotationProcessor (OnBeanCondition)

   TemplateEngineConfigurations.ReactiveTemplateEngineConfiguration:
      Did not match:
         - did not find reactive web application classes (OnWebApplicationCondition)

   ThreadDumpEndpointAutoConfiguration:
      Did not match:
         - @ConditionalOnAvailableEndpoint no 'management.endpoints' property marked it as exposed (OnAvailableEndpointCondition)

   ThymeleafAutoConfiguration.DataAttributeDialectConfiguration:
      Did not match:
         - @ConditionalOnClass did not find required class 'com.github.mxab.thymeleaf.extras.dataattribute.dialect.DataAttributeDialect' (OnClassCondition)

   ThymeleafAutoConfiguration.ThymeleafWebFluxConfiguration:
      Did not match:
         - did not find reactive web application classes (OnWebApplicationCondition)

   ThymeleafAutoConfiguration.ThymeleafWebLayoutConfiguration:
      Did not match:
         - @ConditionalOnClass did not find required class 'nz.net.ultraq.thymeleaf.layoutdialect.LayoutDialect' (OnClassCondition)

   ThymeleafAutoConfiguration.ThymeleafWebMvcConfiguration#resourceUrlEncodingFilter:
      Did not match:
         - @ConditionalOnEnabledResourceChain did not find class org.webjars.WebJarAssetLocator (OnEnabledResourceChainCondition)

   TransactionAutoConfiguration#transactionalOperator:
      Did not match:
         - @ConditionalOnSingleCandidate (types: org.springframework.transaction.ReactiveTransactionManager; SearchStrategy: all) did not find any beans (OnBeanCondition)

   TransactionAutoConfiguration.AspectJTransactionManagementConfiguration:
      Did not match:
         - @ConditionalOnBean (types: org.springframework.transaction.aspectj.AbstractTransactionAspect; SearchStrategy: all) did not find any beans of type org.springframework.transaction.aspectj.AbstractTransactionAspect (OnBeanCondition)

   TransactionAutoConfiguration.EnableTransactionManagementConfiguration.JdkDynamicAutoProxyConfiguration:
      Did not match:
         - @ConditionalOnProperty (spring.aop.proxy-target-class=false) did not find property 'proxy-target-class' (OnPropertyCondition)

   UserDetailsServiceAutoConfiguration:
      Did not match:
         - @ConditionalOnMissingBean (types: org.springframework.security.authentication.AuthenticationManager,org.springframework.security.authentication.AuthenticationProvider,org.springframework.security.core.userdetails.UserDetailsService,org.springframework.security.authentication.AuthenticationManagerResolver,org.springframework.security.oauth2.jwt.JwtDecoder; SearchStrategy: all) found beans of type 'org.springframework.security.authentication.AuthenticationManager' authenticationManager and found beans of type 'org.springframework.security.core.userdetails.UserDetailsService' customUserDetailsService (OnBeanCondition)
      Matched:
         - @ConditionalOnClass found required class 'org.springframework.security.authentication.AuthenticationManager' (OnClassCondition)
         - AnyNestedCondition 1 matched 2 did not; NestedCondition on UserDetailsServiceAutoConfiguration.MissingAlternativeOrUserPropertiesConfigured.PasswordConfigured @ConditionalOnProperty (spring.security.user.password) did not find property 'password'; NestedCondition on UserDetailsServiceAutoConfiguration.MissingAlternativeOrUserPropertiesConfigured.NameConfigured @ConditionalOnProperty (spring.security.user.name) did not find property 'name'; NestedCondition on UserDetailsServiceAutoConfiguration.MissingAlternativeOrUserPropertiesConfigured.MissingAlternative @ConditionalOnMissingClass did not find unwanted classes 'org.springframework.security.oauth2.client.registration.ClientRegistrationRepository', 'org.springframework.security.oauth2.server.resource.introspection.OpaqueTokenIntrospector', 'org.springframework.security.saml2.provider.service.registration.RelyingPartyRegistrationRepository' (UserDetailsServiceAutoConfiguration.MissingAlternativeOrUserPropertiesConfigured)

   WavefrontAutoConfiguration:
      Did not match:
         - @ConditionalOnClass did not find required class 'com.wavefront.sdk.common.application.ApplicationTags' (OnClassCondition)

   WavefrontMetricsExportAutoConfiguration:
      Did not match:
         - @ConditionalOnClass did not find required class 'com.wavefront.sdk.common.WavefrontSender' (OnClassCondition)

   WavefrontTracingAutoConfiguration:
      Did not match:
         - @ConditionalOnClass did not find required class 'com.wavefront.sdk.common.WavefrontSender' (OnClassCondition)

   WebClientAutoConfiguration:
      Did not match:
         - @ConditionalOnClass did not find required class 'org.springframework.web.reactive.function.client.WebClient' (OnClassCondition)

   WebClientObservationConfiguration:
      Did not match:
         - @ConditionalOnClass did not find required class 'org.springframework.web.reactive.function.client.WebClient' (OnClassCondition)

   WebFluxAutoConfiguration:
      Did not match:
         - @ConditionalOnClass did not find required class 'org.springframework.web.reactive.config.WebFluxConfigurer' (OnClassCondition)

   WebFluxEndpointManagementContextConfiguration:
      Did not match:
         - @ConditionalOnClass did not find required class 'org.springframework.web.reactive.DispatcherHandler' (OnClassCondition)

   WebFluxObservationAutoConfiguration:
      Did not match:
         - @ConditionalOnWebApplication did not find reactive web application classes (OnWebApplicationCondition)

   WebMvcAutoConfiguration:
      Did not match:
         - @ConditionalOnMissingBean (types: org.springframework.web.servlet.config.annotation.WebMvcConfigurationSupport; SearchStrategy: all) found beans of type 'org.springframework.web.servlet.config.annotation.WebMvcConfigurationSupport' org.springframework.web.servlet.config.annotation.DelegatingWebMvcConfiguration (OnBeanCondition)
      Matched:
         - @ConditionalOnClass found required classes 'jakarta.servlet.Servlet', 'org.springframework.web.servlet.DispatcherServlet', 'org.springframework.web.servlet.config.annotation.WebMvcConfigurer' (OnClassCondition)
         - found 'session' scope (OnWebApplicationCondition)

   WebMvcAutoConfiguration.ProblemDetailsErrorHandlingConfiguration:
      Did not match:
         - @ConditionalOnProperty (spring.mvc.problemdetails.enabled=true) did not find property 'enabled' (OnPropertyCondition)
         - Ancestor org.springframework.boot.autoconfigure.web.servlet.WebMvcAutoConfiguration did not match (ConditionEvaluationReport.AncestorsMatchedCondition)

   WebMvcAutoConfiguration.ResourceChainCustomizerConfiguration:
      Did not match:
         - @ConditionalOnEnabledResourceChain did not find class org.webjars.WebJarAssetLocator (OnEnabledResourceChainCondition)
         - Ancestor org.springframework.boot.autoconfigure.web.servlet.WebMvcAutoConfiguration did not match (ConditionEvaluationReport.AncestorsMatchedCondition)

   WebMvcEndpointManagementContextConfiguration#managementHealthEndpointWebMvcHandlerMapping:
      Did not match:
         - Management Port actual port type (SAME) did not match required type (DIFFERENT) (OnManagementPortCondition)

   WebServiceTemplateAutoConfiguration:
      Did not match:
         - @ConditionalOnClass did not find required class 'org.springframework.oxm.Marshaller' (OnClassCondition)

   WebServicesAutoConfiguration:
      Did not match:
         - @ConditionalOnClass did not find required class 'org.springframework.ws.transport.http.MessageDispatcherServlet' (OnClassCondition)

   WebSessionIdResolverAutoConfiguration:
      Did not match:
         - @ConditionalOnClass did not find required class 'reactor.core.publisher.Mono' (OnClassCondition)

   WebSocketMessagingAutoConfiguration:
      Did not match:
         - @ConditionalOnClass did not find required class 'org.springframework.web.socket.config.annotation.WebSocketMessageBrokerConfigurer' (OnClassCondition)

   WebSocketReactiveAutoConfiguration:
      Did not match:
         - @ConditionalOnWebApplication did not find reactive web application classes (OnWebApplicationCondition)

   WebSocketServletAutoConfiguration.JettyWebSocketConfiguration:
      Did not match:
         - @ConditionalOnClass did not find required class 'org.eclipse.jetty.ee10.websocket.jakarta.server.config.JakartaWebSocketServletContainerInitializer' (OnClassCondition)

   WebSocketServletAutoConfiguration.UndertowWebSocketConfiguration:
      Did not match:
         - @ConditionalOnClass did not find required class 'io.undertow.websockets.jsr.Bootstrap' (OnClassCondition)

   XADataSourceAutoConfiguration:
      Did not match:
         - @ConditionalOnBean (types: org.springframework.boot.jdbc.XADataSourceWrapper; SearchStrategy: all) did not find any beans of type org.springframework.boot.jdbc.XADataSourceWrapper (OnBeanCondition)
      Matched:
         - @ConditionalOnClass found required classes 'javax.sql.DataSource', 'jakarta.transaction.TransactionManager', 'org.springframework.jdbc.datasource.embedded.EmbeddedDatabaseType' (OnClassCondition)

   ZipkinAutoConfiguration:
      Did not match:
         - @ConditionalOnClass did not find required class 'zipkin2.reporter.Encoding' (OnClassCondition)


Exclusions:
-----------

    None


Unconditional classes:
----------------------

    org.springframework.boot.autoconfigure.context.ConfigurationPropertiesAutoConfiguration

    org.springframework.boot.actuate.autoconfigure.availability.AvailabilityHealthContributorAutoConfiguration

    org.springframework.boot.autoconfigure.ssl.SslAutoConfiguration

    org.springframework.boot.actuate.autoconfigure.info.InfoContributorAutoConfiguration

    org.springframework.boot.autoconfigure.context.PropertyPlaceholderAutoConfiguration

    org.springframework.boot.autoconfigure.context.LifecycleAutoConfiguration

    org.springframework.boot.actuate.autoconfigure.metrics.integration.IntegrationMetricsAutoConfiguration

    org.springframework.boot.actuate.autoconfigure.endpoint.EndpointAutoConfiguration

    org.springframework.boot.actuate.autoconfigure.web.server.ManagementContextAutoConfiguration

    org.springframework.boot.actuate.autoconfigure.health.HealthContributorAutoConfiguration

    org.springframework.boot.actuate.autoconfigure.endpoint.jackson.JacksonEndpointAutoConfiguration

    org.springframework.boot.autoconfigure.availability.ApplicationAvailabilityAutoConfiguration

    org.springframework.boot.autoconfigure.info.ProjectInfoAutoConfiguration



2024-08-02T08:41:55.052+03:00  INFO 88274 --- [cv_c_r_u_d] [           main] c.cv.cv_c_r_u_d.CvCRUDApplicationTests   : Started CvCRUDApplicationTests in 12.035 seconds (process running for 13.498)
2024-08-02T08:41:55.378+03:00 DEBUG 88274 --- [cv_c_r_u_d] [           main] o.s.b.a.ApplicationAvailabilityBean      : Application availability state LivenessState changed to CORRECT
2024-08-02T08:41:55.396+03:00 DEBUG 88274 --- [cv_c_r_u_d] [           main] o.s.boot.devtools.restart.Restarter      : Creating new Restarter for thread Thread[main,5,main]
2024-08-02T08:41:55.425+03:00 DEBUG 88274 --- [cv_c_r_u_d] [           main] o.s.b.a.ApplicationAvailabilityBean      : Application availability state ReadinessState changed to ACCEPTING_TRAFFIC
2024-08-02T08:41:55.433+03:00 DEBUG 88274 --- [cv_c_r_u_d] [           main] org.springframework.test.context.cache   : Spring test ApplicationContext cache statistics: [DefaultContextCache@6ec5c4e2 size = 1, maxSize = 32, parentContextCount = 0, hitCount = 0, missCount = 1, failureCount = 0]
2024-08-02T08:41:55.434+03:00 DEBUG 88274 --- [cv_c_r_u_d] [           main] o.s.t.c.w.ServletTestExecutionListener   : Setting up MockHttpServletRequest, MockHttpServletResponse, ServletWebRequest, and RequestContextHolder for test class com.cv.cv_c_r_u_d.CvCRUDApplicationTests
2024-08-02T08:41:55.503+03:00 DEBUG 88274 --- [cv_c_r_u_d] [           main] DependencyInjectionTestExecutionListener : Performing dependency injection for test class com.cv.cv_c_r_u_d.CvCRUDApplicationTests
2024-08-02T08:41:55.504+03:00 DEBUG 88274 --- [cv_c_r_u_d] [           main] org.springframework.test.context.cache   : Spring test ApplicationContext cache statistics: [DefaultContextCache@6ec5c4e2 size = 1, maxSize = 32, parentContextCount = 0, hitCount = 1, missCount = 1, failureCount = 0]
2024-08-02T08:41:55.521+03:00 DEBUG 88274 --- [cv_c_r_u_d] [           main] org.springframework.test.context.cache   : Spring test ApplicationContext cache statistics: [DefaultContextCache@6ec5c4e2 size = 1, maxSize = 32, parentContextCount = 0, hitCount = 2, missCount = 1, failureCount = 0]
2024-08-02T08:41:55.571+03:00 DEBUG 88274 --- [cv_c_r_u_d] [           main] sContextBeforeModesTestExecutionListener : Before test method: class [CvCRUDApplicationTests], method [contextLoads], class annotated with @DirtiesContext [false] with mode [null], method annotated with @DirtiesContext [false] with mode [null]
2024-08-02T08:41:55.593+03:00 DEBUG 88274 --- [cv_c_r_u_d] [           main] org.springframework.test.context.cache   : Spring test ApplicationContext cache statistics: [DefaultContextCache@6ec5c4e2 size = 1, maxSize = 32, parentContextCount = 0, hitCount = 3, missCount = 1, failureCount = 0]
2024-08-02T08:41:55.594+03:00 DEBUG 88274 --- [cv_c_r_u_d] [           main] org.springframework.test.context.cache   : Spring test ApplicationContext cache statistics: [DefaultContextCache@6ec5c4e2 size = 1, maxSize = 32, parentContextCount = 0, hitCount = 4, missCount = 1, failureCount = 0]
2024-08-02T08:41:56.490+03:00 DEBUG 88274 --- [cv_c_r_u_d] [           main] org.springframework.test.context.cache   : Spring test ApplicationContext cache statistics: [DefaultContextCache@6ec5c4e2 size = 1, maxSize = 32, parentContextCount = 0, hitCount = 5, missCount = 1, failureCount = 0]
2024-08-02T08:41:56.496+03:00 DEBUG 88274 --- [cv_c_r_u_d] [           main] org.springframework.test.context.cache   : Spring test ApplicationContext cache statistics: [DefaultContextCache@6ec5c4e2 size = 1, maxSize = 32, parentContextCount = 0, hitCount = 6, missCount = 1, failureCount = 0]
2024-08-02T08:41:56.497+03:00 DEBUG 88274 --- [cv_c_r_u_d] [           main] org.springframework.test.context.cache   : Spring test ApplicationContext cache statistics: [DefaultContextCache@6ec5c4e2 size = 1, maxSize = 32, parentContextCount = 0, hitCount = 7, missCount = 1, failureCount = 0]
2024-08-02T08:41:56.498+03:00 DEBUG 88274 --- [cv_c_r_u_d] [           main] org.springframework.test.context.cache   : Spring test ApplicationContext cache statistics: [DefaultContextCache@6ec5c4e2 size = 1, maxSize = 32, parentContextCount = 0, hitCount = 8, missCount = 1, failureCount = 0]
2024-08-02T08:41:56.498+03:00 DEBUG 88274 --- [cv_c_r_u_d] [           main] org.springframework.test.context.cache   : Spring test ApplicationContext cache statistics: [DefaultContextCache@6ec5c4e2 size = 1, maxSize = 32, parentContextCount = 0, hitCount = 9, missCount = 1, failureCount = 0]
2024-08-02T08:41:56.499+03:00 DEBUG 88274 --- [cv_c_r_u_d] [           main] org.springframework.test.context.cache   : Spring test ApplicationContext cache statistics: [DefaultContextCache@6ec5c4e2 size = 1, maxSize = 32, parentContextCount = 0, hitCount = 10, missCount = 1, failureCount = 0]
2024-08-02T08:41:56.503+03:00 DEBUG 88274 --- [cv_c_r_u_d] [           main] org.springframework.test.context.cache   : Spring test ApplicationContext cache statistics: [DefaultContextCache@6ec5c4e2 size = 1, maxSize = 32, parentContextCount = 0, hitCount = 11, missCount = 1, failureCount = 0]
2024-08-02T08:41:56.504+03:00 DEBUG 88274 --- [cv_c_r_u_d] [           main] .c.s.DirtiesContextTestExecutionListener : After test method: class [CvCRUDApplicationTests], method [contextLoads], class annotated with @DirtiesContext [false] with mode [null], method annotated with @DirtiesContext [false] with mode [null]
2024-08-02T08:41:56.504+03:00 DEBUG 88274 --- [cv_c_r_u_d] [           main] o.s.t.c.w.ServletTestExecutionListener   : Resetting RequestContextHolder for test class com.cv.cv_c_r_u_d.CvCRUDApplicationTests
]]></system-out>
  </testcase>
</testsuite>